[2023-04-23 10:11:21] main.DEBUG: array (
  'url' => 'https://api-3t.sandbox.paypal.com/nvp',
  'SetExpressCheckout' => 
  array (
    'PAYMENTACTION' => 'Authorization',
    'AMT' => '13.99',
    'CURRENCYCODE' => 'USD',
    'RETURNURL' => 'https://m242.mfs-motor.com/paypal/express/return/',
    'CANCELURL' => 'https://m242.mfs-motor.com/paypal/express/cancel/',
    'INVNUM' => '000000008',
    'SOLUTIONTYPE' => 'Mark',
    'GIROPAYCANCELURL' => 'https://m242.mfs-motor.com/paypal/express/cancel/',
    'GIROPAYSUCCESSURL' => 'https://m242.mfs-motor.com/checkout/onepage/success/',
    'BANKTXNPENDINGURL' => 'https://m242.mfs-motor.com/checkout/onepage/success/',
    'SHIPPINGAMT' => '5.00',
    'ITEMAMT' => '8.99',
    'TAXAMT' => '0.00',
    'L_NUMBER0' => NULL,
    'L_NAME0' => 'ELFBAR 600 ELFLIQ - Peach Ice 10 ml',
    'L_QTY0' => 1,
    'L_AMT0' => '8.99',
    'BUSINESS' => NULL,
    'NOTETEXT' => NULL,
    'EMAIL' => 'xiangdandan@heavengifts.com',
    'FIRSTNAME' => 'dan',
    'LASTNAME' => 'xiang',
    'MIDDLENAME' => NULL,
    'SALUTATION' => NULL,
    'SUFFIX' => NULL,
    'COUNTRYCODE' => 'UG',
    'STATE' => NULL,
    'CITY' => 'shanghai',
    'STREET' => 'shanghaizhongshanbeilu23338',
    'ZIP' => 'shanghai ',
    'PHONENUM' => '18909872654',
    'SHIPTOCOUNTRYCODE' => 'UG',
    'SHIPTOSTATE' => NULL,
    'SHIPTOCITY' => 'shanghai',
    'SHIPTOSTREET' => 'shanghaizhongshanbeilu23338',
    'SHIPTOZIP' => 'shanghai ',
    'SHIPTOPHONENUM' => '18909872654',
    'SHIPTOSTREET2' => '',
    'STREET2' => '',
    'SHIPTONAME' => 'dan xiang',
    'ADDROVERRIDE' => 1,
    'METHOD' => 'SetExpressCheckout',
    'VERSION' => '72.0',
    'USER' => '****',
    'PWD' => '****',
    'SIGNATURE' => '****',
    'BUTTONSOURCE' => 'Magento_2_Community',
  ),
  'response' => 
  array (
    'TOKEN' => 'EC-4A607145BU122421B',
    'TIMESTAMP' => '2023-04-23T10:11:21Z',
    'CORRELATIONID' => '8593bb67d361b',
    'ACK' => 'Success',
    'VERSION' => '72.0',
    'BUILD' => '58068808',
  ),
) [] []
[2023-04-24 03:04:01] main.DEBUG: array (
  'url' => 'https://api-3t.sandbox.paypal.com/nvp',
  'DoCapture' => 
  array (
    'AUTHORIZATIONID' => '71X22215S47670614',
    'COMPLETETYPE' => 'Complete',
    'AMT' => '14.99',
    'CURRENCYCODE' => 'USD',
    'INVNUM' => '000000006',
    'METHOD' => 'DoCapture',
    'VERSION' => '72.0',
    'USER' => '****',
    'PWD' => '****',
    'SIGNATURE' => '****',
    'BUTTONSOURCE' => 'Magento_2_Community',
  ),
  'response' => 
  array (
    'AUTHORIZATIONID' => '71X22215S47670614',
    'TIMESTAMP' => '2023-04-24T03:04:01Z',
    'CORRELATIONID' => '61a057fbea9e3',
    'ACK' => 'Success',
    'VERSION' => '72.0',
    'BUILD' => '58068808',
    'TRANSACTIONID' => '23X6134402971280R',
    'PARENTTRANSACTIONID' => '71X22215S47670614',
    'PAYMENTTYPE' => 'instant',
    'ORDERTIME' => '2023-04-24T03:04:01Z',
    'AMT' => '14.99',
    'FEEAMT' => '1.01',
    'CURRENCYCODE' => 'USD',
    'PAYMENTSTATUS' => 'Completed',
    'PENDINGREASON' => 'None',
    'REASONCODE' => 'None',
    'SHIPPINGMETHOD' => 'Default',
    'PROTECTIONELIGIBILITY' => 'Eligible',
    'PROTECTIONELIGIBILITYTYPE' => 'ItemNotReceivedEligible,UnauthorizedPaymentEligible',
  ),
) [] []
[2023-04-25 06:08:18] main.DEBUG: array (
  'url' => 'https://api-3t.sandbox.paypal.com/nvp',
  'SetExpressCheckout' => 
  array (
    'PAYMENTACTION' => 'Authorization',
    'AMT' => '32.13',
    'CURRENCYCODE' => 'USD',
    'RETURNURL' => 'https://m242.mfs-motor.com/paypal/express/return/',
    'CANCELURL' => 'https://m242.mfs-motor.com/paypal/express/cancel/',
    'INVNUM' => '000000008',
    'SOLUTIONTYPE' => 'Mark',
    'GIROPAYCANCELURL' => 'https://m242.mfs-motor.com/paypal/express/cancel/',
    'GIROPAYSUCCESSURL' => 'https://m242.mfs-motor.com/checkout/onepage/success/',
    'BANKTXNPENDINGURL' => 'https://m242.mfs-motor.com/checkout/onepage/success/',
    'SHIPPINGAMT' => '4.16',
    'ITEMAMT' => '27.97',
    'TAXAMT' => '0.00',
    'L_NUMBER0' => NULL,
    'L_NAME0' => 'ELFBAR 600 ELFLIQ - Peach Ice 10 ml',
    'L_QTY0' => 2,
    'L_AMT0' => '8.99',
    'L_NUMBER1' => NULL,
    'L_NAME1' => 'ELFBAR 600 Disposable - Watermelon',
    'L_QTY1' => 1,
    'L_AMT1' => '9.99',
    'BUSINESS' => NULL,
    'NOTETEXT' => NULL,
    'EMAIL' => 'xiangdandan@heavengifts.com',
    'FIRSTNAME' => 'dan',
    'LASTNAME' => 'xiang',
    'MIDDLENAME' => NULL,
    'SALUTATION' => NULL,
    'SUFFIX' => NULL,
    'COUNTRYCODE' => 'UG',
    'STATE' => NULL,
    'CITY' => 'shanghai',
    'STREET' => 'shanghaizhongshanbeilu23338',
    'ZIP' => 'shanghai ',
    'PHONENUM' => '18909872654',
    'SHIPTOCOUNTRYCODE' => 'UG',
    'SHIPTOSTATE' => NULL,
    'SHIPTOCITY' => 'shanghai',
    'SHIPTOSTREET' => 'shanghaizhongshanbeilu23338',
    'SHIPTOZIP' => 'shanghai ',
    'SHIPTOPHONENUM' => '18909872654',
    'SHIPTOSTREET2' => '',
    'STREET2' => '',
    'SHIPTONAME' => 'dan xiang',
    'ADDROVERRIDE' => 1,
    'METHOD' => 'SetExpressCheckout',
    'VERSION' => '72.0',
    'USER' => '****',
    'PWD' => '****',
    'SIGNATURE' => '****',
    'BUTTONSOURCE' => 'Magento_2_Community',
  ),
  'response' => 
  array (
    'TOKEN' => 'EC-66368591DX061441W',
    'TIMESTAMP' => '2023-04-25T06:08:17Z',
    'CORRELATIONID' => 'b8c9f1f4a92f8',
    'ACK' => 'Success',
    'VERSION' => '72.0',
    'BUILD' => '58068808',
  ),
) [] []
[2023-05-06 05:04:17] main.DEBUG: array (
  'url' => 'https://api-3t.sandbox.paypal.com/nvp',
  'SetExpressCheckout' => 
  array (
    'PAYMENTACTION' => 'Authorization',
    'AMT' => '99.90',
    'CURRENCYCODE' => 'USD',
    'RETURNURL' => 'http://www.elfbar.com.de/paypal/express/return/',
    'CANCELURL' => 'http://www.elfbar.com.de/paypal/express/cancel/',
    'INVNUM' => '000000011',
    'SOLUTIONTYPE' => 'Mark',
    'GIROPAYCANCELURL' => 'http://www.elfbar.com.de/paypal/express/cancel/',
    'GIROPAYSUCCESSURL' => 'http://www.elfbar.com.de/checkout/onepage/success/',
    'BANKTXNPENDINGURL' => 'http://www.elfbar.com.de/checkout/onepage/success/',
    'SHIPPINGAMT' => '0.00',
    'ITEMAMT' => '99.90',
    'TAXAMT' => '0.00',
    'L_NUMBER0' => NULL,
    'L_NAME0' => 'ELFBAR 600 Disposable - Pink Lemonade',
    'L_QTY0' => 1,
    'L_AMT0' => '9.99',
    'L_NUMBER1' => NULL,
    'L_NAME1' => 'ELFBAR 600 Disposable - Strawberry Banana',
    'L_QTY1' => 1,
    'L_AMT1' => '9.99',
    'L_NUMBER2' => NULL,
    'L_NAME2' => 'ELFBAR 600 Disposable - Strawberry Ice Cream',
    'L_QTY2' => 1,
    'L_AMT2' => '9.99',
    'L_NUMBER3' => NULL,
    'L_NAME3' => 'ELFBAR 600 Disposable - Cherry',
    'L_QTY3' => 1,
    'L_AMT3' => '9.99',
    'L_NUMBER4' => NULL,
    'L_NAME4' => 'ELFBAR 600 Disposable - Menthol',
    'L_QTY4' => 1,
    'L_AMT4' => '9.99',
    'L_NUMBER5' => NULL,
    'L_NAME5' => 'ELFBAR 600 Disposable - Spearmint',
    'L_QTY5' => 1,
    'L_AMT5' => '9.99',
    'L_NUMBER6' => NULL,
    'L_NAME6' => 'ELFBAR 600 Disposable - Strawberry Raspberry Cherry Ice',
    'L_QTY6' => 4,
    'L_AMT6' => '9.99',
    'METHOD' => 'SetExpressCheckout',
    'VERSION' => '72.0',
    'USER' => '****',
    'PWD' => '****',
    'SIGNATURE' => '****',
    'BUTTONSOURCE' => 'Magento_2_Community',
  ),
  'response' => 
  array (
    'TOKEN' => 'EC-9TN488765Y866843N',
    'TIMESTAMP' => '2023-05-06T05:04:17Z',
    'CORRELATIONID' => 'a726761629be5',
    'ACK' => 'Success',
    'VERSION' => '72.0',
    'BUILD' => '58068808',
  ),
) [] []
[2023-05-06 05:04:29] main.DEBUG: array (
  'url' => 'https://api-3t.sandbox.paypal.com/nvp',
  'SetExpressCheckout' => 
  array (
    'PAYMENTACTION' => 'Authorization',
    'AMT' => '99.90',
    'CURRENCYCODE' => 'USD',
    'RETURNURL' => 'http://www.elfbar.com.de/paypal/express/return/',
    'CANCELURL' => 'http://www.elfbar.com.de/paypal/express/cancel/',
    'INVNUM' => '000000011',
    'SOLUTIONTYPE' => 'Mark',
    'GIROPAYCANCELURL' => 'http://www.elfbar.com.de/paypal/express/cancel/',
    'GIROPAYSUCCESSURL' => 'http://www.elfbar.com.de/checkout/onepage/success/',
    'BANKTXNPENDINGURL' => 'http://www.elfbar.com.de/checkout/onepage/success/',
    'SHIPPINGAMT' => '0.00',
    'ITEMAMT' => '99.90',
    'TAXAMT' => '0.00',
    'L_NUMBER0' => NULL,
    'L_NAME0' => 'ELFBAR 600 Disposable - Pink Lemonade',
    'L_QTY0' => 1,
    'L_AMT0' => '9.99',
    'L_NUMBER1' => NULL,
    'L_NAME1' => 'ELFBAR 600 Disposable - Strawberry Banana',
    'L_QTY1' => 1,
    'L_AMT1' => '9.99',
    'L_NUMBER2' => NULL,
    'L_NAME2' => 'ELFBAR 600 Disposable - Strawberry Ice Cream',
    'L_QTY2' => 1,
    'L_AMT2' => '9.99',
    'L_NUMBER3' => NULL,
    'L_NAME3' => 'ELFBAR 600 Disposable - Cherry',
    'L_QTY3' => 1,
    'L_AMT3' => '9.99',
    'L_NUMBER4' => NULL,
    'L_NAME4' => 'ELFBAR 600 Disposable - Menthol',
    'L_QTY4' => 1,
    'L_AMT4' => '9.99',
    'L_NUMBER5' => NULL,
    'L_NAME5' => 'ELFBAR 600 Disposable - Spearmint',
    'L_QTY5' => 1,
    'L_AMT5' => '9.99',
    'L_NUMBER6' => NULL,
    'L_NAME6' => 'ELFBAR 600 Disposable - Strawberry Raspberry Cherry Ice',
    'L_QTY6' => 4,
    'L_AMT6' => '9.99',
    'METHOD' => 'SetExpressCheckout',
    'VERSION' => '72.0',
    'USER' => '****',
    'PWD' => '****',
    'SIGNATURE' => '****',
    'BUTTONSOURCE' => 'Magento_2_Community',
  ),
  'response' => 
  array (
    'TOKEN' => 'EC-8AW389163Y388850B',
    'TIMESTAMP' => '2023-05-06T05:04:29Z',
    'CORRELATIONID' => '880ed364d1719',
    'ACK' => 'Success',
    'VERSION' => '72.0',
    'BUILD' => '58068808',
  ),
) [] []
[2023-05-06 08:17:30] main.DEBUG: array (
  'url' => 'https://api-3t.sandbox.paypal.com/nvp',
  'SetExpressCheckout' => 
  array (
    'PAYMENTACTION' => 'Authorization',
    'AMT' => '19.98',
    'CURRENCYCODE' => 'USD',
    'RETURNURL' => 'http://www.elfbar.com.de/paypal/express/return/',
    'CANCELURL' => 'http://www.elfbar.com.de/paypal/express/cancel/',
    'INVNUM' => '2000000001',
    'SOLUTIONTYPE' => 'Mark',
    'GIROPAYCANCELURL' => 'http://www.elfbar.com.de/paypal/express/cancel/',
    'GIROPAYSUCCESSURL' => 'http://www.elfbar.com.de/checkout/onepage/success/',
    'BANKTXNPENDINGURL' => 'http://www.elfbar.com.de/checkout/onepage/success/',
    'SHIPPINGAMT' => '0.00',
    'ITEMAMT' => '19.98',
    'TAXAMT' => '0.00',
    'L_NUMBER0' => NULL,
    'L_NAME0' => 'ELFBAR 600 Disposable - Strawberry Raspberry Cherry Ice',
    'L_QTY0' => 2,
    'L_AMT0' => '9.99',
    'METHOD' => 'SetExpressCheckout',
    'VERSION' => '72.0',
    'USER' => '****',
    'PWD' => '****',
    'SIGNATURE' => '****',
    'BUTTONSOURCE' => 'Magento_2_Community',
  ),
  'response' => 
  array (
    'TOKEN' => 'EC-98P94689YA2259844',
    'TIMESTAMP' => '2023-05-06T08:17:30Z',
    'CORRELATIONID' => '3e1dd9988b2f8',
    'ACK' => 'Success',
    'VERSION' => '72.0',
    'BUILD' => '58068808',
  ),
) [] []
[2023-05-06 08:25:24] main.DEBUG: array (
  'url' => 'https://api-3t.sandbox.paypal.com/nvp',
  'SetExpressCheckout' => 
  array (
    'PAYMENTACTION' => 'Authorization',
    'AMT' => '24.14',
    'CURRENCYCODE' => 'USD',
    'RETURNURL' => 'http://www.elfbar.com.de/paypal/express/return/',
    'CANCELURL' => 'http://www.elfbar.com.de/paypal/express/cancel/',
    'INVNUM' => '2000000001',
    'SOLUTIONTYPE' => 'Mark',
    'GIROPAYCANCELURL' => 'http://www.elfbar.com.de/paypal/express/cancel/',
    'GIROPAYSUCCESSURL' => 'http://www.elfbar.com.de/checkout/onepage/success/',
    'BANKTXNPENDINGURL' => 'http://www.elfbar.com.de/checkout/onepage/success/',
    'SHIPPINGAMT' => '4.16',
    'ITEMAMT' => '19.98',
    'TAXAMT' => '0.00',
    'L_NUMBER0' => NULL,
    'L_NAME0' => 'ELFBAR 600 Disposable - Strawberry Raspberry Cherry Ice',
    'L_QTY0' => 1,
    'L_AMT0' => '9.99',
    'L_NUMBER1' => NULL,
    'L_NAME1' => 'ELFBAR 600 Disposable - Pink Grapefruit',
    'L_QTY1' => 1,
    'L_AMT1' => '9.99',
    'BUSINESS' => '萨达',
    'NOTETEXT' => NULL,
    'EMAIL' => 'guge.mpf@gmail.com',
    'FIRSTNAME' => '萨达',
    'LASTNAME' => '撒旦撒',
    'MIDDLENAME' => NULL,
    'SALUTATION' => NULL,
    'SUFFIX' => NULL,
    'COUNTRYCODE' => 'KZ',
    'STATE' => NULL,
    'CITY' => '大大大',
    'STREET' => '大叔大婶',
    'ZIP' => '撒大大',
    'PHONENUM' => '阿斯顿撒旦',
    'SHIPTOCOUNTRYCODE' => 'KZ',
    'SHIPTOSTATE' => NULL,
    'SHIPTOCITY' => '大大大',
    'SHIPTOSTREET' => '大叔大婶',
    'SHIPTOZIP' => '撒大大',
    'SHIPTOPHONENUM' => '阿斯顿撒旦',
    'SHIPTOSTREET2' => '啊实打实大',
    'STREET2' => '啊实打实大',
    'SHIPTONAME' => '萨达 撒旦撒',
    'ADDROVERRIDE' => 1,
    'METHOD' => 'SetExpressCheckout',
    'VERSION' => '72.0',
    'USER' => '****',
    'PWD' => '****',
    'SIGNATURE' => '****',
    'BUTTONSOURCE' => 'Magento_2_Community',
  ),
  'response' => 
  array (
    'TOKEN' => 'EC-19Y78134PS095001V',
    'TIMESTAMP' => '2023-05-06T08:25:24Z',
    'CORRELATIONID' => '136f8672a5f09',
    'ACK' => 'Success',
    'VERSION' => '72.0',
    'BUILD' => '58068808',
  ),
) [] []
[2023-05-06 08:37:12] main.DEBUG: array (
  'url' => 'https://api-3t.sandbox.paypal.com/nvp',
  'SetExpressCheckout' => 
  array (
    'PAYMENTACTION' => 'Authorization',
    'AMT' => '34.13',
    'CURRENCYCODE' => 'USD',
    'RETURNURL' => 'http://www.elfbar.com.de/paypal/express/return/',
    'CANCELURL' => 'http://www.elfbar.com.de/paypal/express/cancel/',
    'INVNUM' => '2000000001',
    'SOLUTIONTYPE' => 'Mark',
    'GIROPAYCANCELURL' => 'http://www.elfbar.com.de/paypal/express/cancel/',
    'GIROPAYSUCCESSURL' => 'http://www.elfbar.com.de/checkout/onepage/success/',
    'BANKTXNPENDINGURL' => 'http://www.elfbar.com.de/checkout/onepage/success/',
    'SHIPPINGAMT' => '4.16',
    'ITEMAMT' => '29.97',
    'TAXAMT' => '0.00',
    'L_NUMBER0' => NULL,
    'L_NAME0' => 'ELFBAR 600 Disposable - Pink Grapefruit',
    'L_QTY0' => 3,
    'L_AMT0' => '9.99',
    'BUSINESS' => '萨达',
    'NOTETEXT' => NULL,
    'EMAIL' => 'guge.mpf@gmail.com',
    'FIRSTNAME' => '萨达',
    'LASTNAME' => '撒旦撒',
    'MIDDLENAME' => NULL,
    'SALUTATION' => NULL,
    'SUFFIX' => NULL,
    'COUNTRYCODE' => 'KZ',
    'STATE' => NULL,
    'CITY' => '大大大',
    'STREET' => '大叔大婶',
    'ZIP' => '撒大大',
    'PHONENUM' => '阿斯顿撒旦',
    'SHIPTOCOUNTRYCODE' => 'KZ',
    'SHIPTOSTATE' => NULL,
    'SHIPTOCITY' => '大大大',
    'SHIPTOSTREET' => '大叔大婶',
    'SHIPTOZIP' => '撒大大',
    'SHIPTOPHONENUM' => '阿斯顿撒旦',
    'SHIPTOSTREET2' => '啊实打实大',
    'STREET2' => '啊实打实大',
    'SHIPTONAME' => '萨达 撒旦撒',
    'ADDROVERRIDE' => 1,
    'METHOD' => 'SetExpressCheckout',
    'VERSION' => '72.0',
    'USER' => '****',
    'PWD' => '****',
    'SIGNATURE' => '****',
    'BUTTONSOURCE' => 'Magento_2_Community',
  ),
  'response' => 
  array (
    'TOKEN' => 'EC-47W3402328636581X',
    'TIMESTAMP' => '2023-05-06T08:37:12Z',
    'CORRELATIONID' => '7ef4d97afbed4',
    'ACK' => 'Success',
    'VERSION' => '72.0',
    'BUILD' => '58068808',
  ),
) [] []
[2023-05-06 09:18:17] main.DEBUG: array (
  'url' => 'https://api-3t.sandbox.paypal.com/nvp',
  'SetExpressCheckout' => 
  array (
    'PAYMENTACTION' => 'Authorization',
    'AMT' => '9.99',
    'CURRENCYCODE' => 'USD',
    'RETURNURL' => 'http://www.elfbar.com.de/paypal/express/return/',
    'CANCELURL' => 'http://www.elfbar.com.de/paypal/express/cancel/',
    'INVNUM' => '000000013',
    'SOLUTIONTYPE' => 'Mark',
    'GIROPAYCANCELURL' => 'http://www.elfbar.com.de/paypal/express/cancel/',
    'GIROPAYSUCCESSURL' => 'http://www.elfbar.com.de/checkout/onepage/success/',
    'BANKTXNPENDINGURL' => 'http://www.elfbar.com.de/checkout/onepage/success/',
    'SHIPPINGAMT' => '0.00',
    'ITEMAMT' => '9.99',
    'TAXAMT' => '0.00',
    'L_NUMBER0' => NULL,
    'L_NAME0' => 'ELFBAR 600 Disposable - Strawberry Ice',
    'L_QTY0' => 1,
    'L_AMT0' => '9.99',
    'METHOD' => 'SetExpressCheckout',
    'VERSION' => '72.0',
    'USER' => '****',
    'PWD' => '****',
    'SIGNATURE' => '****',
    'BUTTONSOURCE' => 'Magento_2_Community',
  ),
  'response' => 
  array (
    'TOKEN' => 'EC-9E0959908T478551T',
    'TIMESTAMP' => '2023-05-06T09:18:17Z',
    'CORRELATIONID' => 'da700c74c6810',
    'ACK' => 'Success',
    'VERSION' => '72.0',
    'BUILD' => '58068808',
  ),
) [] []
[2023-05-06 09:23:00] main.DEBUG: array (
  'url' => 'https://api-3t.sandbox.paypal.com/nvp',
  'SetExpressCheckout' => 
  array (
    'PAYMENTACTION' => 'Authorization',
    'AMT' => '14.15',
    'CURRENCYCODE' => 'USD',
    'RETURNURL' => 'http://www.elfbar.com.de/paypal/express/return/',
    'CANCELURL' => 'http://www.elfbar.com.de/paypal/express/cancel/',
    'INVNUM' => '000000013',
    'SOLUTIONTYPE' => 'Mark',
    'GIROPAYCANCELURL' => 'http://www.elfbar.com.de/paypal/express/cancel/',
    'GIROPAYSUCCESSURL' => 'http://www.elfbar.com.de/checkout/onepage/success/',
    'BANKTXNPENDINGURL' => 'http://www.elfbar.com.de/checkout/onepage/success/',
    'SHIPPINGAMT' => '4.16',
    'ITEMAMT' => '9.99',
    'TAXAMT' => '0.00',
    'L_NUMBER0' => NULL,
    'L_NAME0' => 'ELFBAR 600 Disposable - Strawberry Ice',
    'L_QTY0' => 1,
    'L_AMT0' => '9.99',
    'BUSINESS' => NULL,
    'NOTETEXT' => NULL,
    'EMAIL' => 'xiangdandan@heavengifts.com',
    'FIRSTNAME' => 'dan',
    'LASTNAME' => 'xiang',
    'MIDDLENAME' => NULL,
    'SALUTATION' => NULL,
    'SUFFIX' => NULL,
    'COUNTRYCODE' => 'UG',
    'STATE' => NULL,
    'CITY' => 'shanghai',
    'STREET' => 'shanghaizhongshanbeilu23338',
    'ZIP' => 'shanghai ',
    'PHONENUM' => '18909872654',
    'SHIPTOCOUNTRYCODE' => 'US',
    'SHIPTOSTATE' => 'WA',
    'SHIPTOCITY' => 'Washington',
    'SHIPTOSTREET' => '1600Pennsylvania AvenueNW,Washington',
    'SHIPTOZIP' => 'DC 20500',
    'SHIPTOPHONENUM' => '18917288120',
    'SHIPTOSTREET2' => '',
    'STREET2' => '',
    'SHIPTONAME' => 'dan xiang',
    'ADDROVERRIDE' => 1,
    'METHOD' => 'SetExpressCheckout',
    'VERSION' => '72.0',
    'USER' => '****',
    'PWD' => '****',
    'SIGNATURE' => '****',
    'BUTTONSOURCE' => 'Magento_2_Community',
  ),
  'response' => 
  array (
    'TOKEN' => 'EC-48E3405712661814Y',
    'TIMESTAMP' => '2023-05-06T09:23:00Z',
    'CORRELATIONID' => '3b6252a8330a5',
    'ACK' => 'Success',
    'VERSION' => '72.0',
    'BUILD' => '58068808',
  ),
) [] []
[2023-05-06 09:23:40] main.DEBUG: array (
  'url' => 'https://api-3t.sandbox.paypal.com/nvp',
  'SetExpressCheckout' => 
  array (
    'PAYMENTACTION' => 'Authorization',
    'AMT' => '14.15',
    'CURRENCYCODE' => 'USD',
    'RETURNURL' => 'http://www.elfbar.com.de/paypal/express/return/',
    'CANCELURL' => 'http://www.elfbar.com.de/paypal/express/cancel/',
    'INVNUM' => '000000013',
    'SOLUTIONTYPE' => 'Mark',
    'GIROPAYCANCELURL' => 'http://www.elfbar.com.de/paypal/express/cancel/',
    'GIROPAYSUCCESSURL' => 'http://www.elfbar.com.de/checkout/onepage/success/',
    'BANKTXNPENDINGURL' => 'http://www.elfbar.com.de/checkout/onepage/success/',
    'SHIPPINGAMT' => '4.16',
    'ITEMAMT' => '9.99',
    'TAXAMT' => '0.00',
    'L_NUMBER0' => NULL,
    'L_NAME0' => 'ELFBAR 600 Disposable - Strawberry Ice',
    'L_QTY0' => 1,
    'L_AMT0' => '9.99',
    'BUSINESS' => NULL,
    'NOTETEXT' => NULL,
    'EMAIL' => 'xiangdandan@heavengifts.com',
    'FIRSTNAME' => 'dan',
    'LASTNAME' => 'xiang',
    'MIDDLENAME' => NULL,
    'SALUTATION' => NULL,
    'SUFFIX' => NULL,
    'COUNTRYCODE' => 'UG',
    'STATE' => NULL,
    'CITY' => 'shanghai',
    'STREET' => 'shanghaizhongshanbeilu23338',
    'ZIP' => 'shanghai ',
    'PHONENUM' => '18909872654',
    'SHIPTOCOUNTRYCODE' => 'US',
    'SHIPTOSTATE' => 'WA',
    'SHIPTOCITY' => 'Washington',
    'SHIPTOSTREET' => '1600Pennsylvania AvenueNW,Washington',
    'SHIPTOZIP' => 'DC 20500',
    'SHIPTOPHONENUM' => '18917288120',
    'SHIPTOSTREET2' => '',
    'STREET2' => '',
    'SHIPTONAME' => 'dan xiang',
    'ADDROVERRIDE' => 1,
    'METHOD' => 'SetExpressCheckout',
    'VERSION' => '72.0',
    'USER' => '****',
    'PWD' => '****',
    'SIGNATURE' => '****',
    'BUTTONSOURCE' => 'Magento_2_Community',
  ),
  'response' => 
  array (
    'TOKEN' => 'EC-51X1739606226953S',
    'TIMESTAMP' => '2023-05-06T09:23:40Z',
    'CORRELATIONID' => '9478e3c80ce41',
    'ACK' => 'Success',
    'VERSION' => '72.0',
    'BUILD' => '58068808',
  ),
) [] []
[2023-05-06 09:30:11] main.DEBUG: array (
  'url' => 'https://api-3t.sandbox.paypal.com/nvp',
  'GetExpressCheckoutDetails' => 
  array (
    'TOKEN' => 'EC-51X1739606226953S',
    'METHOD' => 'GetExpressCheckoutDetails',
    'VERSION' => '72.0',
    'USER' => '****',
    'PWD' => '****',
    'SIGNATURE' => '****',
    'BUTTONSOURCE' => 'Magento_2_Community',
  ),
  'response' => 
  array (
    'TOKEN' => 'EC-51X1739606226953S',
    'BILLINGAGREEMENTACCEPTEDSTATUS' => '0',
    'CHECKOUTSTATUS' => 'PaymentActionNotInitiated',
    'TIMESTAMP' => '2023-05-06T09:30:11Z',
    'CORRELATIONID' => '3bfb518de1915',
    'ACK' => 'Success',
    'VERSION' => '72.0',
    'BUILD' => '58068808',
    'EMAIL' => 'sb-h93ia25610226@personal.example.com',
    'PAYERID' => '5DDMVFA5L8CGS',
    'PAYERSTATUS' => 'verified',
    'FIRSTNAME' => 'John',
    'LASTNAME' => 'Doe',
    'COUNTRYCODE' => 'US',
    'SHIPTONAME' => 'dan xiang',
    'SHIPTOSTREET' => '1600Pennsylvania AvenueNW,Washington',
    'SHIPTOCITY' => 'Washington',
    'SHIPTOSTATE' => 'WA',
    'SHIPTOZIP' => 'DC 20500',
    'SHIPTOCOUNTRYCODE' => 'US',
    'SHIPTOPHONENUM' => '18917288120',
    'SHIPTOCOUNTRYNAME' => 'United States',
    'ADDRESSSTATUS' => 'Confirmed',
    'CURRENCYCODE' => 'USD',
    'AMT' => '14.15',
    'ITEMAMT' => '9.99',
    'SHIPPINGAMT' => '4.16',
    'HANDLINGAMT' => '0.00',
    'TAXAMT' => '0.00',
    'INVNUM' => '000000013',
    'INSURANCEAMT' => '0.00',
    'SHIPDISCAMT' => '0.00',
    'INSURANCEOPTIONOFFERED' => 'false',
    'L_NAME0' => 'ELFBAR 600 Disposable - Strawberry Ice',
    'L_QTY0' => '1',
    'L_TAXAMT0' => '0.00',
    'L_AMT0' => '9.99',
    'PAYMENTREQUEST_0_CURRENCYCODE' => 'USD',
    'PAYMENTREQUEST_0_AMT' => '14.15',
    'PAYMENTREQUEST_0_ITEMAMT' => '9.99',
    'PAYMENTREQUEST_0_SHIPPINGAMT' => '4.16',
    'PAYMENTREQUEST_0_HANDLINGAMT' => '0.00',
    'PAYMENTREQUEST_0_TAXAMT' => '0.00',
    'PAYMENTREQUEST_0_INVNUM' => '000000013',
    'PAYMENTREQUEST_0_INSURANCEAMT' => '0.00',
    'PAYMENTREQUEST_0_SHIPDISCAMT' => '0.00',
    'PAYMENTREQUEST_0_SELLERPAYPALACCOUNTID' => 'sb-epq7f25579194@business.example.com',
    'PAYMENTREQUEST_0_INSURANCEOPTIONOFFERED' => 'false',
    'PAYMENTREQUEST_0_SHIPTONAME' => 'dan xiang',
    'PAYMENTREQUEST_0_SHIPTOSTREET' => '1600Pennsylvania AvenueNW,Washington',
    'PAYMENTREQUEST_0_SHIPTOCITY' => 'Washington',
    'PAYMENTREQUEST_0_SHIPTOSTATE' => 'WA',
    'PAYMENTREQUEST_0_SHIPTOZIP' => 'DC 20500',
    'PAYMENTREQUEST_0_SHIPTOCOUNTRYCODE' => 'US',
    'PAYMENTREQUEST_0_SHIPTOPHONENUM' => '18917288120',
    'PAYMENTREQUEST_0_SHIPTOCOUNTRYNAME' => 'United States',
    'PAYMENTREQUEST_0_ADDRESSSTATUS' => 'Confirmed',
    'L_PAYMENTREQUEST_0_NAME0' => 'ELFBAR 600 Disposable - Strawberry Ice',
    'L_PAYMENTREQUEST_0_QTY0' => '1',
    'L_PAYMENTREQUEST_0_TAXAMT0' => '0.00',
    'L_PAYMENTREQUEST_0_AMT0' => '9.99',
    'PAYMENTREQUESTINFO_0_ERRORCODE' => '0',
  ),
) [] []
[2023-05-06 09:31:12] main.DEBUG: array (
  'url' => 'https://api-3t.sandbox.paypal.com/nvp',
  'SetExpressCheckout' => 
  array (
    'PAYMENTACTION' => 'Authorization',
    'AMT' => '14.15',
    'CURRENCYCODE' => 'USD',
    'RETURNURL' => 'http://www.elfbar.com.de/paypal/express/return/',
    'CANCELURL' => 'http://www.elfbar.com.de/paypal/express/cancel/',
    'INVNUM' => '000000013',
    'SOLUTIONTYPE' => 'Mark',
    'GIROPAYCANCELURL' => 'http://www.elfbar.com.de/paypal/express/cancel/',
    'GIROPAYSUCCESSURL' => 'http://www.elfbar.com.de/checkout/onepage/success/',
    'BANKTXNPENDINGURL' => 'http://www.elfbar.com.de/checkout/onepage/success/',
    'SHIPPINGAMT' => '4.16',
    'ITEMAMT' => '9.99',
    'TAXAMT' => '0.00',
    'L_NUMBER0' => NULL,
    'L_NAME0' => 'ELFBAR 600 Disposable - Strawberry Ice',
    'L_QTY0' => 1,
    'L_AMT0' => '9.99',
    'BUSINESS' => NULL,
    'NOTETEXT' => NULL,
    'EMAIL' => 'xiangdandan@heavengifts.com',
    'FIRSTNAME' => 'dan',
    'LASTNAME' => 'xiang',
    'MIDDLENAME' => NULL,
    'SALUTATION' => NULL,
    'SUFFIX' => NULL,
    'COUNTRYCODE' => 'UG',
    'STATE' => NULL,
    'CITY' => 'shanghai',
    'STREET' => 'shanghaizhongshanbeilu23338',
    'ZIP' => 'shanghai ',
    'PHONENUM' => '18909872654',
    'SHIPTOCOUNTRYCODE' => 'US',
    'SHIPTOSTATE' => 'WA',
    'SHIPTOCITY' => 'Washington',
    'SHIPTOSTREET' => '1600Pennsylvania AvenueNW,Washington',
    'SHIPTOZIP' => 'DC 20500',
    'SHIPTOPHONENUM' => '18917288120',
    'SHIPTOSTREET2' => '',
    'STREET2' => '',
    'SHIPTONAME' => 'dan xiang',
    'ADDROVERRIDE' => 1,
    'METHOD' => 'SetExpressCheckout',
    'VERSION' => '72.0',
    'USER' => '****',
    'PWD' => '****',
    'SIGNATURE' => '****',
    'BUTTONSOURCE' => 'Magento_2_Community',
  ),
  'response' => 
  array (
    'TOKEN' => 'EC-7R5588711K048032A',
    'TIMESTAMP' => '2023-05-06T09:31:12Z',
    'CORRELATIONID' => '141c4502a556d',
    'ACK' => 'Success',
    'VERSION' => '72.0',
    'BUILD' => '58068808',
  ),
) [] []
[2023-05-06 09:31:38] main.DEBUG: array (
  'url' => 'https://api-3t.sandbox.paypal.com/nvp',
  'GetExpressCheckoutDetails' => 
  array (
    'TOKEN' => 'EC-7R5588711K048032A',
    'METHOD' => 'GetExpressCheckoutDetails',
    'VERSION' => '72.0',
    'USER' => '****',
    'PWD' => '****',
    'SIGNATURE' => '****',
    'BUTTONSOURCE' => 'Magento_2_Community',
  ),
  'response' => 
  array (
    'TOKEN' => 'EC-7R5588711K048032A',
    'BILLINGAGREEMENTACCEPTEDSTATUS' => '0',
    'CHECKOUTSTATUS' => 'PaymentActionNotInitiated',
    'TIMESTAMP' => '2023-05-06T09:31:38Z',
    'CORRELATIONID' => 'cf73e9658c7b8',
    'ACK' => 'Success',
    'VERSION' => '72.0',
    'BUILD' => '58068808',
    'EMAIL' => 'sb-h93ia25610226@personal.example.com',
    'PAYERID' => '5DDMVFA5L8CGS',
    'PAYERSTATUS' => 'verified',
    'FIRSTNAME' => 'John',
    'LASTNAME' => 'Doe',
    'COUNTRYCODE' => 'US',
    'SHIPTONAME' => 'dan xiang',
    'SHIPTOSTREET' => '1600Pennsylvania AvenueNW,Washington',
    'SHIPTOCITY' => 'Washington',
    'SHIPTOSTATE' => 'WA',
    'SHIPTOZIP' => 'DC 20500',
    'SHIPTOCOUNTRYCODE' => 'US',
    'SHIPTOPHONENUM' => '18917288120',
    'SHIPTOCOUNTRYNAME' => 'United States',
    'ADDRESSSTATUS' => 'Confirmed',
    'CURRENCYCODE' => 'USD',
    'AMT' => '14.15',
    'ITEMAMT' => '9.99',
    'SHIPPINGAMT' => '4.16',
    'HANDLINGAMT' => '0.00',
    'TAXAMT' => '0.00',
    'INVNUM' => '000000013',
    'INSURANCEAMT' => '0.00',
    'SHIPDISCAMT' => '0.00',
    'INSURANCEOPTIONOFFERED' => 'false',
    'L_NAME0' => 'ELFBAR 600 Disposable - Strawberry Ice',
    'L_QTY0' => '1',
    'L_TAXAMT0' => '0.00',
    'L_AMT0' => '9.99',
    'PAYMENTREQUEST_0_CURRENCYCODE' => 'USD',
    'PAYMENTREQUEST_0_AMT' => '14.15',
    'PAYMENTREQUEST_0_ITEMAMT' => '9.99',
    'PAYMENTREQUEST_0_SHIPPINGAMT' => '4.16',
    'PAYMENTREQUEST_0_HANDLINGAMT' => '0.00',
    'PAYMENTREQUEST_0_TAXAMT' => '0.00',
    'PAYMENTREQUEST_0_INVNUM' => '000000013',
    'PAYMENTREQUEST_0_INSURANCEAMT' => '0.00',
    'PAYMENTREQUEST_0_SHIPDISCAMT' => '0.00',
    'PAYMENTREQUEST_0_SELLERPAYPALACCOUNTID' => 'sb-epq7f25579194@business.example.com',
    'PAYMENTREQUEST_0_INSURANCEOPTIONOFFERED' => 'false',
    'PAYMENTREQUEST_0_SHIPTONAME' => 'dan xiang',
    'PAYMENTREQUEST_0_SHIPTOSTREET' => '1600Pennsylvania AvenueNW,Washington',
    'PAYMENTREQUEST_0_SHIPTOCITY' => 'Washington',
    'PAYMENTREQUEST_0_SHIPTOSTATE' => 'WA',
    'PAYMENTREQUEST_0_SHIPTOZIP' => 'DC 20500',
    'PAYMENTREQUEST_0_SHIPTOCOUNTRYCODE' => 'US',
    'PAYMENTREQUEST_0_SHIPTOPHONENUM' => '18917288120',
    'PAYMENTREQUEST_0_SHIPTOCOUNTRYNAME' => 'United States',
    'PAYMENTREQUEST_0_ADDRESSSTATUS' => 'Confirmed',
    'L_PAYMENTREQUEST_0_NAME0' => 'ELFBAR 600 Disposable - Strawberry Ice',
    'L_PAYMENTREQUEST_0_QTY0' => '1',
    'L_PAYMENTREQUEST_0_TAXAMT0' => '0.00',
    'L_PAYMENTREQUEST_0_AMT0' => '9.99',
    'PAYMENTREQUESTINFO_0_ERRORCODE' => '0',
  ),
) [] []
[2023-05-06 09:31:40] main.DEBUG: array (
  'url' => 'https://api-3t.sandbox.paypal.com/nvp',
  'DoExpressCheckoutPayment' => 
  array (
    'TOKEN' => 'EC-7R5588711K048032A',
    'PAYERID' => '5DDMVFA5L8CGS',
    'PAYMENTACTION' => 'Authorization',
    'AMT' => '14.15',
    'CURRENCYCODE' => 'USD',
    'BUTTONSOURCE' => 'Magento_2_Community',
    'NOTIFYURL' => 'http://www.elfbar.com.de/paypal/ipn/',
    'RETURNFMFDETAILS' => 1,
    'SHIPPINGAMT' => '4.16',
    'ITEMAMT' => '9.99',
    'TAXAMT' => '0.00',
    'L_NUMBER0' => NULL,
    'L_NAME0' => 'ELFBAR 600 Disposable - Strawberry Ice',
    'L_QTY0' => 1,
    'L_AMT0' => '9.99',
    'BUSINESS' => NULL,
    'EMAIL' => 'xiangdandan@heavengifts.com',
    'FIRSTNAME' => 'dan',
    'LASTNAME' => 'xiang',
    'MIDDLENAME' => NULL,
    'SALUTATION' => NULL,
    'SUFFIX' => NULL,
    'COUNTRYCODE' => 'UG',
    'STATE' => NULL,
    'CITY' => 'shanghai',
    'STREET' => 'shanghaizhongshanbeilu23338',
    'ZIP' => 'shanghai ',
    'PHONENUM' => '18909872654',
    'SHIPTOCOUNTRYCODE' => 'US',
    'SHIPTOSTATE' => 'WA',
    'SHIPTOCITY' => 'Washington',
    'SHIPTOSTREET' => '1600Pennsylvania AvenueNW,Washington',
    'SHIPTOZIP' => 'DC 20500',
    'SHIPTOPHONENUM' => '18917288120',
    'SHIPTOSTREET2' => '',
    'STREET2' => '',
    'SHIPTONAME' => 'dan xiang',
    'ADDROVERRIDE' => 1,
    'METHOD' => 'DoExpressCheckoutPayment',
    'VERSION' => '72.0',
    'USER' => '****',
    'PWD' => '****',
    'SIGNATURE' => '****',
  ),
  'response' => 
  array (
    'TOKEN' => 'EC-7R5588711K048032A',
    'SUCCESSPAGEREDIRECTREQUESTED' => 'false',
    'TIMESTAMP' => '2023-05-06T09:31:40Z',
    'CORRELATIONID' => 'f8763fc34d6a',
    'ACK' => 'Success',
    'VERSION' => '72.0',
    'BUILD' => '58068808',
    'TRANSACTIONID' => '7M241848YH653374V',
    'TRANSACTIONTYPE' => 'cart',
    'PAYMENTTYPE' => 'instant',
    'ORDERTIME' => '2023-05-06T09:31:39Z',
    'AMT' => '14.15',
    'TAXAMT' => '0.00',
    'CURRENCYCODE' => 'USD',
    'PAYMENTSTATUS' => 'Pending',
    'PENDINGREASON' => 'authorization',
    'REASONCODE' => 'None',
    'PROTECTIONELIGIBILITY' => 'Eligible',
    'INSURANCEOPTIONSELECTED' => 'false',
    'SHIPPINGOPTIONISDEFAULT' => 'false',
    'PAYMENTINFO_0_TRANSACTIONID' => '7M241848YH653374V',
    'PAYMENTINFO_0_TRANSACTIONTYPE' => 'cart',
    'PAYMENTINFO_0_PAYMENTTYPE' => 'instant',
    'PAYMENTINFO_0_ORDERTIME' => '2023-05-06T09:31:39Z',
    'PAYMENTINFO_0_AMT' => '14.15',
    'PAYMENTINFO_0_TAXAMT' => '0.00',
    'PAYMENTINFO_0_CURRENCYCODE' => 'USD',
    'PAYMENTINFO_0_PAYMENTSTATUS' => 'Pending',
    'PAYMENTINFO_0_PENDINGREASON' => 'authorization',
    'PAYMENTINFO_0_REASONCODE' => 'None',
    'PAYMENTINFO_0_PROTECTIONELIGIBILITY' => 'Eligible',
    'PAYMENTINFO_0_PROTECTIONELIGIBILITYTYPE' => 'ItemNotReceivedEligible,UnauthorizedPaymentEligible',
    'PAYMENTINFO_0_SECUREMERCHANTACCOUNTID' => '4C678BEMN4YTS',
    'PAYMENTINFO_0_ERRORCODE' => '0',
    'PAYMENTINFO_0_ACK' => 'Success',
  ),
) [] []
[2023-05-09 08:46:25] main.DEBUG: array (
  'url' => 'https://api-3t.sandbox.paypal.com/nvp',
  'SetExpressCheckout' => 
  array (
    'PAYMENTACTION' => 'Authorization',
    'AMT' => '19.98',
    'CURRENCYCODE' => 'USD',
    'RETURNURL' => 'http://www.elfbar.com.de/paypal/express/return/',
    'CANCELURL' => 'http://www.elfbar.com.de/paypal/express/cancel/',
    'INVNUM' => '2000000002',
    'SOLUTIONTYPE' => 'Mark',
    'GIROPAYCANCELURL' => 'http://www.elfbar.com.de/paypal/express/cancel/',
    'GIROPAYSUCCESSURL' => 'http://www.elfbar.com.de/checkout/onepage/success/',
    'BANKTXNPENDINGURL' => 'http://www.elfbar.com.de/checkout/onepage/success/',
    'SHIPPINGAMT' => '0.00',
    'ITEMAMT' => '19.98',
    'TAXAMT' => '0.00',
    'L_NUMBER0' => NULL,
    'L_NAME0' => 'ELFA Prefilled Pod - Strawberry Banana',
    'L_QTY0' => 1,
    'L_AMT0' => '9.99',
    'L_NUMBER1' => NULL,
    'L_NAME1' => 'ELFBAR 600 Disposable - Strawberry Ice',
    'L_QTY1' => 1,
    'L_AMT1' => '9.99',
    'METHOD' => 'SetExpressCheckout',
    'VERSION' => '72.0',
    'USER' => '****',
    'PWD' => '****',
    'SIGNATURE' => '****',
    'BUTTONSOURCE' => 'Magento_2_Community',
  ),
  'response' => 
  array (
    'TOKEN' => 'EC-8SB27442PB764914D',
    'TIMESTAMP' => '2023-05-09T08:46:25Z',
    'CORRELATIONID' => 'c2c32ac0d9af6',
    'ACK' => 'Success',
    'VERSION' => '72.0',
    'BUILD' => '58068808',
  ),
) [] []
[2023-05-09 08:54:30] main.DEBUG: array (
  'url' => 'https://api-3t.sandbox.paypal.com/nvp',
  'SetExpressCheckout' => 
  array (
    'PAYMENTACTION' => 'Authorization',
    'AMT' => '24.14',
    'CURRENCYCODE' => 'USD',
    'RETURNURL' => 'http://www.elfbar.com.de/paypal/express/return/',
    'CANCELURL' => 'http://www.elfbar.com.de/paypal/express/cancel/',
    'INVNUM' => '2000000002',
    'SOLUTIONTYPE' => 'Mark',
    'GIROPAYCANCELURL' => 'http://www.elfbar.com.de/paypal/express/cancel/',
    'GIROPAYSUCCESSURL' => 'http://www.elfbar.com.de/checkout/onepage/success/',
    'BANKTXNPENDINGURL' => 'http://www.elfbar.com.de/checkout/onepage/success/',
    'SHIPPINGAMT' => '4.16',
    'ITEMAMT' => '19.98',
    'TAXAMT' => '0.00',
    'L_NUMBER0' => NULL,
    'L_NAME0' => 'ELFA Prefilled Pod - Strawberry Banana',
    'L_QTY0' => 1,
    'L_AMT0' => '9.99',
    'L_NUMBER1' => NULL,
    'L_NAME1' => 'ELFBAR 600 Disposable - Strawberry Ice',
    'L_QTY1' => 1,
    'L_AMT1' => '9.99',
    'BUSINESS' => 'lisa com',
    'NOTETEXT' => NULL,
    'EMAIL' => '100485640401@qq.com',
    'FIRSTNAME' => 'lisa333',
    'LASTNAME' => 'lisa333',
    'MIDDLENAME' => NULL,
    'SALUTATION' => NULL,
    'SUFFIX' => NULL,
    'COUNTRYCODE' => 'GB',
    'STATE' => NULL,
    'CITY' => 'lisa333',
    'STREET' => 'lisa333',
    'ZIP' => 'PE46 9AA222',
    'PHONENUM' => '18888052583',
    'SHIPTOCOUNTRYCODE' => 'GB',
    'SHIPTOSTATE' => NULL,
    'SHIPTOCITY' => 'lisa333',
    'SHIPTOSTREET' => 'lisa333',
    'SHIPTOZIP' => 'PE46 9AA222',
    'SHIPTOPHONENUM' => '18888052583',
    'SHIPTOSTREET2' => 'lisa333',
    'STREET2' => 'lisa333',
    'SHIPTONAME' => 'lisa333 lisa333',
    'ADDROVERRIDE' => 1,
    'METHOD' => 'SetExpressCheckout',
    'VERSION' => '72.0',
    'USER' => '****',
    'PWD' => '****',
    'SIGNATURE' => '****',
    'BUTTONSOURCE' => 'Magento_2_Community',
  ),
  'response' => 
  array (
    'TOKEN' => 'EC-21M67614L84292526',
    'TIMESTAMP' => '2023-05-09T08:54:30Z',
    'CORRELATIONID' => 'a86da104e902d',
    'ACK' => 'Success',
    'VERSION' => '72.0',
    'BUILD' => '58068808',
  ),
) [] []
[2023-05-09 08:59:39] main.DEBUG: array (
  'url' => 'https://api-3t.sandbox.paypal.com/nvp',
  'GetExpressCheckoutDetails' => 
  array (
    'TOKEN' => 'EC-21M67614L84292526',
    'METHOD' => 'GetExpressCheckoutDetails',
    'VERSION' => '72.0',
    'USER' => '****',
    'PWD' => '****',
    'SIGNATURE' => '****',
    'BUTTONSOURCE' => 'Magento_2_Community',
  ),
  'response' => 
  array (
    'TOKEN' => 'EC-21M67614L84292526',
    'BILLINGAGREEMENTACCEPTEDSTATUS' => '0',
    'CHECKOUTSTATUS' => 'PaymentActionNotInitiated',
    'TIMESTAMP' => '2023-05-09T08:59:39Z',
    'CORRELATIONID' => '998feb3865e73',
    'ACK' => 'Success',
    'VERSION' => '72.0',
    'BUILD' => '58068808',
    'EMAIL' => 'sb-h93ia25610226@personal.example.com',
    'PAYERID' => '5DDMVFA5L8CGS',
    'PAYERSTATUS' => 'verified',
    'FIRSTNAME' => 'John',
    'LASTNAME' => 'Doe',
    'COUNTRYCODE' => 'US',
    'SHIPTONAME' => 'lisa333 lisa333',
    'SHIPTOSTREET' => 'lisa333',
    'SHIPTOSTREET2' => 'lisa333',
    'SHIPTOCITY' => 'lisa333',
    'SHIPTOZIP' => 'PE46 9AA222',
    'SHIPTOCOUNTRYCODE' => 'GB',
    'SHIPTOPHONENUM' => '18888052583',
    'SHIPTOCOUNTRYNAME' => 'United Kingdom',
    'ADDRESSSTATUS' => 'Confirmed',
    'CURRENCYCODE' => 'USD',
    'AMT' => '24.14',
    'ITEMAMT' => '19.98',
    'SHIPPINGAMT' => '4.16',
    'HANDLINGAMT' => '0.00',
    'TAXAMT' => '0.00',
    'INVNUM' => '2000000002',
    'INSURANCEAMT' => '0.00',
    'SHIPDISCAMT' => '0.00',
    'INSURANCEOPTIONOFFERED' => 'false',
    'L_NAME0' => 'ELFA Prefilled Pod - Strawberry Banana',
    'L_NAME1' => 'ELFBAR 600 Disposable - Strawberry Ice',
    'L_QTY0' => '1',
    'L_QTY1' => '1',
    'L_TAXAMT0' => '0.00',
    'L_TAXAMT1' => '0.00',
    'L_AMT0' => '9.99',
    'L_AMT1' => '9.99',
    'PAYMENTREQUEST_0_CURRENCYCODE' => 'USD',
    'PAYMENTREQUEST_0_AMT' => '24.14',
    'PAYMENTREQUEST_0_ITEMAMT' => '19.98',
    'PAYMENTREQUEST_0_SHIPPINGAMT' => '4.16',
    'PAYMENTREQUEST_0_HANDLINGAMT' => '0.00',
    'PAYMENTREQUEST_0_TAXAMT' => '0.00',
    'PAYMENTREQUEST_0_INVNUM' => '2000000002',
    'PAYMENTREQUEST_0_INSURANCEAMT' => '0.00',
    'PAYMENTREQUEST_0_SHIPDISCAMT' => '0.00',
    'PAYMENTREQUEST_0_SELLERPAYPALACCOUNTID' => 'sb-epq7f25579194@business.example.com',
    'PAYMENTREQUEST_0_INSURANCEOPTIONOFFERED' => 'false',
    'PAYMENTREQUEST_0_SHIPTONAME' => 'lisa333 lisa333',
    'PAYMENTREQUEST_0_SHIPTOSTREET' => 'lisa333',
    'PAYMENTREQUEST_0_SHIPTOSTREET2' => 'lisa333',
    'PAYMENTREQUEST_0_SHIPTOCITY' => 'lisa333',
    'PAYMENTREQUEST_0_SHIPTOZIP' => 'PE46 9AA222',
    'PAYMENTREQUEST_0_SHIPTOCOUNTRYCODE' => 'GB',
    'PAYMENTREQUEST_0_SHIPTOPHONENUM' => '18888052583',
    'PAYMENTREQUEST_0_SHIPTOCOUNTRYNAME' => 'United Kingdom',
    'PAYMENTREQUEST_0_ADDRESSSTATUS' => 'Confirmed',
    'L_PAYMENTREQUEST_0_NAME0' => 'ELFA Prefilled Pod - Strawberry Banana',
    'L_PAYMENTREQUEST_0_NAME1' => 'ELFBAR 600 Disposable - Strawberry Ice',
    'L_PAYMENTREQUEST_0_QTY0' => '1',
    'L_PAYMENTREQUEST_0_QTY1' => '1',
    'L_PAYMENTREQUEST_0_TAXAMT0' => '0.00',
    'L_PAYMENTREQUEST_0_TAXAMT1' => '0.00',
    'L_PAYMENTREQUEST_0_AMT0' => '9.99',
    'L_PAYMENTREQUEST_0_AMT1' => '9.99',
    'PAYMENTREQUESTINFO_0_ERRORCODE' => '0',
  ),
) [] []
[2023-05-09 08:59:43] main.DEBUG: array (
  'url' => 'https://api-3t.sandbox.paypal.com/nvp',
  'DoExpressCheckoutPayment' => 
  array (
    'TOKEN' => 'EC-21M67614L84292526',
    'PAYERID' => '5DDMVFA5L8CGS',
    'PAYMENTACTION' => 'Authorization',
    'AMT' => '24.14',
    'CURRENCYCODE' => 'USD',
    'BUTTONSOURCE' => 'Magento_2_Community',
    'NOTIFYURL' => 'http://www.elfbar.com.de/paypal/ipn/',
    'RETURNFMFDETAILS' => 1,
    'SHIPPINGAMT' => '4.16',
    'ITEMAMT' => '19.98',
    'TAXAMT' => '0.00',
    'L_NUMBER0' => NULL,
    'L_NAME0' => 'ELFA Prefilled Pod - Strawberry Banana',
    'L_QTY0' => 1,
    'L_AMT0' => '9.99',
    'L_NUMBER1' => NULL,
    'L_NAME1' => 'ELFBAR 600 Disposable - Strawberry Ice',
    'L_QTY1' => 1,
    'L_AMT1' => '9.99',
    'BUSINESS' => 'lisa com',
    'EMAIL' => '100485640401@qq.com',
    'FIRSTNAME' => 'lisa333',
    'LASTNAME' => 'lisa333',
    'MIDDLENAME' => NULL,
    'SALUTATION' => NULL,
    'SUFFIX' => NULL,
    'COUNTRYCODE' => 'GB',
    'STATE' => NULL,
    'CITY' => 'lisa333',
    'STREET' => 'lisa333',
    'ZIP' => 'PE46 9AA222',
    'PHONENUM' => '18888052583',
    'SHIPTOCOUNTRYCODE' => 'GB',
    'SHIPTOSTATE' => NULL,
    'SHIPTOCITY' => 'lisa333',
    'SHIPTOSTREET' => 'lisa333',
    'SHIPTOZIP' => 'PE46 9AA222',
    'SHIPTOPHONENUM' => '18888052583',
    'SHIPTOSTREET2' => 'lisa333',
    'STREET2' => 'lisa333',
    'SHIPTONAME' => 'lisa333 lisa333',
    'ADDROVERRIDE' => 1,
    'METHOD' => 'DoExpressCheckoutPayment',
    'VERSION' => '72.0',
    'USER' => '****',
    'PWD' => '****',
    'SIGNATURE' => '****',
  ),
  'response' => 
  array (
    'TOKEN' => 'EC-21M67614L84292526',
    'SUCCESSPAGEREDIRECTREQUESTED' => 'false',
    'TIMESTAMP' => '2023-05-09T08:59:43Z',
    'CORRELATIONID' => '998feb08029f8',
    'ACK' => 'Success',
    'VERSION' => '72.0',
    'BUILD' => '58068808',
    'TRANSACTIONID' => '3B643835LH8249416',
    'TRANSACTIONTYPE' => 'cart',
    'PAYMENTTYPE' => 'instant',
    'ORDERTIME' => '2023-05-09T08:59:43Z',
    'AMT' => '24.14',
    'TAXAMT' => '0.00',
    'CURRENCYCODE' => 'USD',
    'PAYMENTSTATUS' => 'Pending',
    'PENDINGREASON' => 'authorization',
    'REASONCODE' => 'None',
    'PROTECTIONELIGIBILITY' => 'Eligible',
    'INSURANCEOPTIONSELECTED' => 'false',
    'SHIPPINGOPTIONISDEFAULT' => 'false',
    'PAYMENTINFO_0_TRANSACTIONID' => '3B643835LH8249416',
    'PAYMENTINFO_0_TRANSACTIONTYPE' => 'cart',
    'PAYMENTINFO_0_PAYMENTTYPE' => 'instant',
    'PAYMENTINFO_0_ORDERTIME' => '2023-05-09T08:59:43Z',
    'PAYMENTINFO_0_AMT' => '24.14',
    'PAYMENTINFO_0_TAXAMT' => '0.00',
    'PAYMENTINFO_0_CURRENCYCODE' => 'USD',
    'PAYMENTINFO_0_PAYMENTSTATUS' => 'Pending',
    'PAYMENTINFO_0_PENDINGREASON' => 'authorization',
    'PAYMENTINFO_0_REASONCODE' => 'None',
    'PAYMENTINFO_0_PROTECTIONELIGIBILITY' => 'Eligible',
    'PAYMENTINFO_0_PROTECTIONELIGIBILITYTYPE' => 'ItemNotReceivedEligible,UnauthorizedPaymentEligible',
    'PAYMENTINFO_0_SECUREMERCHANTACCOUNTID' => '4C678BEMN4YTS',
    'PAYMENTINFO_0_ERRORCODE' => '0',
    'PAYMENTINFO_0_ACK' => 'Success',
  ),
) [] []
[2023-05-11 01:43:45] main.DEBUG: array (
  'url' => 'https://api-3t.sandbox.paypal.com/nvp',
  'SetExpressCheckout' => 
  array (
    'PAYMENTACTION' => 'Sale',
    'AMT' => '74.09',
    'CURRENCYCODE' => 'USD',
    'RETURNURL' => 'http://www.elfbar.com.de/paypal/express/return/',
    'CANCELURL' => 'http://www.elfbar.com.de/paypal/express/cancel/',
    'INVNUM' => '2000000003',
    'SOLUTIONTYPE' => 'Mark',
    'GIROPAYCANCELURL' => 'http://www.elfbar.com.de/paypal/express/cancel/',
    'GIROPAYSUCCESSURL' => 'http://www.elfbar.com.de/checkout/onepage/success/',
    'BANKTXNPENDINGURL' => 'http://www.elfbar.com.de/checkout/onepage/success/',
    'SHIPPINGAMT' => '4.16',
    'ITEMAMT' => '69.93',
    'TAXAMT' => '0.00',
    'L_NUMBER0' => NULL,
    'L_NAME0' => 'ELFBAR 600 Disposable - Strawberry Raspberry Cherry Ice',
    'L_QTY0' => 1,
    'L_AMT0' => '9.99',
    'L_NUMBER1' => NULL,
    'L_NAME1' => 'ELFBAR 600 Disposable - Pink Grapefruit',
    'L_QTY1' => 1,
    'L_AMT1' => '9.99',
    'L_NUMBER2' => NULL,
    'L_NAME2' => 'ELFBAR 600 Disposable - Kiwi Passion Fruit Guava',
    'L_QTY2' => 1,
    'L_AMT2' => '9.99',
    'L_NUMBER3' => NULL,
    'L_NAME3' => 'ELFBAR 600 Disposable - Mad Blue',
    'L_QTY3' => 1,
    'L_AMT3' => '9.99',
    'L_NUMBER4' => NULL,
    'L_NAME4' => 'ELFBAR 600 Disposable - Tobacco',
    'L_QTY4' => 1,
    'L_AMT4' => '9.99',
    'L_NUMBER5' => NULL,
    'L_NAME5' => 'ELFA Device - Aurora Blue',
    'L_QTY5' => 2,
    'L_AMT5' => '9.99',
    'BUSINESS' => 'Company Name lisa',
    'NOTETEXT' => NULL,
    'EMAIL' => '100485640401@qq.com',
    'FIRSTNAME' => 'justeeeee',
    'LASTNAME' => 'lisa277',
    'MIDDLENAME' => NULL,
    'SALUTATION' => NULL,
    'SUFFIX' => NULL,
    'COUNTRYCODE' => 'GB',
    'STATE' => 'add',
    'CITY' => 'Birmingham',
    'STREET' => 'Unit 16, The Gateway Estate, Birmingham Cargo Airport, 1111',
    'ZIP' => 'B26 3QD',
    'PHONENUM' => '+447943868422',
    'SHIPTOCOUNTRYCODE' => 'GB',
    'SHIPTOSTATE' => 'add',
    'SHIPTOCITY' => 'Birmingham',
    'SHIPTOSTREET' => 'Unit 16, The Gateway Estate, Birmingham Cargo Airport, 1111',
    'SHIPTOZIP' => 'B26 3QD',
    'SHIPTOPHONENUM' => '+447943868422',
    'SHIPTOSTREET2' => '3333',
    'STREET2' => '3333',
    'SHIPTONAME' => 'justeeeee lisa277',
    'ADDROVERRIDE' => 1,
    'METHOD' => 'SetExpressCheckout',
    'VERSION' => '72.0',
    'USER' => '****',
    'PWD' => '****',
    'SIGNATURE' => '****',
    'BUTTONSOURCE' => 'Magento_2_Community',
  ),
  'response' => 
  array (
    'TOKEN' => 'EC-7N429721ML5272415',
    'TIMESTAMP' => '2023-05-11T01:43:45Z',
    'CORRELATIONID' => 'ea147fc01632a',
    'ACK' => 'Success',
    'VERSION' => '72.0',
    'BUILD' => '58068808',
  ),
) [] []
[2023-05-11 01:45:31] main.DEBUG: array (
  'url' => 'https://api-3t.sandbox.paypal.com/nvp',
  'GetExpressCheckoutDetails' => 
  array (
    'TOKEN' => 'EC-7N429721ML5272415',
    'METHOD' => 'GetExpressCheckoutDetails',
    'VERSION' => '72.0',
    'USER' => '****',
    'PWD' => '****',
    'SIGNATURE' => '****',
    'BUTTONSOURCE' => 'Magento_2_Community',
  ),
  'response' => 
  array (
    'TOKEN' => 'EC-7N429721ML5272415',
    'BILLINGAGREEMENTACCEPTEDSTATUS' => '0',
    'CHECKOUTSTATUS' => 'PaymentActionNotInitiated',
    'TIMESTAMP' => '2023-05-11T01:45:31Z',
    'CORRELATIONID' => 'bf0190eaeec9',
    'ACK' => 'Success',
    'VERSION' => '72.0',
    'BUILD' => '58068808',
    'EMAIL' => 'sb-h93ia25610226@personal.example.com',
    'PAYERID' => '5DDMVFA5L8CGS',
    'PAYERSTATUS' => 'verified',
    'FIRSTNAME' => 'John',
    'LASTNAME' => 'Doe',
    'COUNTRYCODE' => 'US',
    'SHIPTONAME' => 'justeeeee lisa277',
    'SHIPTOSTREET' => 'Unit 16, The Gateway Estate, Birmingham Cargo Airport, 1111',
    'SHIPTOSTREET2' => '3333',
    'SHIPTOCITY' => 'Birmingham',
    'SHIPTOSTATE' => 'Add',
    'SHIPTOZIP' => 'B26 3QD',
    'SHIPTOCOUNTRYCODE' => 'GB',
    'SHIPTOPHONENUM' => '+447943868422',
    'SHIPTOCOUNTRYNAME' => 'United Kingdom',
    'ADDRESSSTATUS' => 'Confirmed',
    'CURRENCYCODE' => 'USD',
    'AMT' => '74.09',
    'ITEMAMT' => '69.93',
    'SHIPPINGAMT' => '4.16',
    'HANDLINGAMT' => '0.00',
    'TAXAMT' => '0.00',
    'INVNUM' => '2000000003',
    'INSURANCEAMT' => '0.00',
    'SHIPDISCAMT' => '0.00',
    'INSURANCEOPTIONOFFERED' => 'false',
    'L_NAME0' => 'ELFBAR 600 Disposable - Strawberry Raspberry Cherry Ice',
    'L_NAME1' => 'ELFBAR 600 Disposable - Pink Grapefruit',
    'L_NAME2' => 'ELFBAR 600 Disposable - Kiwi Passion Fruit Guava',
    'L_NAME3' => 'ELFBAR 600 Disposable - Mad Blue',
    'L_NAME4' => 'ELFBAR 600 Disposable - Tobacco',
    'L_NAME5' => 'ELFA Device - Aurora Blue',
    'L_QTY0' => '1',
    'L_QTY1' => '1',
    'L_QTY2' => '1',
    'L_QTY3' => '1',
    'L_QTY4' => '1',
    'L_QTY5' => '2',
    'L_TAXAMT0' => '0.00',
    'L_TAXAMT1' => '0.00',
    'L_TAXAMT2' => '0.00',
    'L_TAXAMT3' => '0.00',
    'L_TAXAMT4' => '0.00',
    'L_TAXAMT5' => '0.00',
    'L_AMT0' => '9.99',
    'L_AMT1' => '9.99',
    'L_AMT2' => '9.99',
    'L_AMT3' => '9.99',
    'L_AMT4' => '9.99',
    'L_AMT5' => '9.99',
    'PAYMENTREQUEST_0_CURRENCYCODE' => 'USD',
    'PAYMENTREQUEST_0_AMT' => '74.09',
    'PAYMENTREQUEST_0_ITEMAMT' => '69.93',
    'PAYMENTREQUEST_0_SHIPPINGAMT' => '4.16',
    'PAYMENTREQUEST_0_HANDLINGAMT' => '0.00',
    'PAYMENTREQUEST_0_TAXAMT' => '0.00',
    'PAYMENTREQUEST_0_INVNUM' => '2000000003',
    'PAYMENTREQUEST_0_INSURANCEAMT' => '0.00',
    'PAYMENTREQUEST_0_SHIPDISCAMT' => '0.00',
    'PAYMENTREQUEST_0_SELLERPAYPALACCOUNTID' => 'sb-epq7f25579194@business.example.com',
    'PAYMENTREQUEST_0_INSURANCEOPTIONOFFERED' => 'false',
    'PAYMENTREQUEST_0_SHIPTONAME' => 'justeeeee lisa277',
    'PAYMENTREQUEST_0_SHIPTOSTREET' => 'Unit 16, The Gateway Estate, Birmingham Cargo Airport, 1111',
    'PAYMENTREQUEST_0_SHIPTOSTREET2' => '3333',
    'PAYMENTREQUEST_0_SHIPTOCITY' => 'Birmingham',
    'PAYMENTREQUEST_0_SHIPTOSTATE' => 'Add',
    'PAYMENTREQUEST_0_SHIPTOZIP' => 'B26 3QD',
    'PAYMENTREQUEST_0_SHIPTOCOUNTRYCODE' => 'GB',
    'PAYMENTREQUEST_0_SHIPTOPHONENUM' => '+447943868422',
    'PAYMENTREQUEST_0_SHIPTOCOUNTRYNAME' => 'United Kingdom',
    'PAYMENTREQUEST_0_ADDRESSSTATUS' => 'Confirmed',
    'L_PAYMENTREQUEST_0_NAME0' => 'ELFBAR 600 Disposable - Strawberry Raspberry Cherry Ice',
    'L_PAYMENTREQUEST_0_NAME1' => 'ELFBAR 600 Disposable - Pink Grapefruit',
    'L_PAYMENTREQUEST_0_NAME2' => 'ELFBAR 600 Disposable - Kiwi Passion Fruit Guava',
    'L_PAYMENTREQUEST_0_NAME3' => 'ELFBAR 600 Disposable - Mad Blue',
    'L_PAYMENTREQUEST_0_NAME4' => 'ELFBAR 600 Disposable - Tobacco',
    'L_PAYMENTREQUEST_0_NAME5' => 'ELFA Device - Aurora Blue',
    'L_PAYMENTREQUEST_0_QTY0' => '1',
    'L_PAYMENTREQUEST_0_QTY1' => '1',
    'L_PAYMENTREQUEST_0_QTY2' => '1',
    'L_PAYMENTREQUEST_0_QTY3' => '1',
    'L_PAYMENTREQUEST_0_QTY4' => '1',
    'L_PAYMENTREQUEST_0_QTY5' => '2',
    'L_PAYMENTREQUEST_0_TAXAMT0' => '0.00',
    'L_PAYMENTREQUEST_0_TAXAMT1' => '0.00',
    'L_PAYMENTREQUEST_0_TAXAMT2' => '0.00',
    'L_PAYMENTREQUEST_0_TAXAMT3' => '0.00',
    'L_PAYMENTREQUEST_0_TAXAMT4' => '0.00',
    'L_PAYMENTREQUEST_0_TAXAMT5' => '0.00',
    'L_PAYMENTREQUEST_0_AMT0' => '9.99',
    'L_PAYMENTREQUEST_0_AMT1' => '9.99',
    'L_PAYMENTREQUEST_0_AMT2' => '9.99',
    'L_PAYMENTREQUEST_0_AMT3' => '9.99',
    'L_PAYMENTREQUEST_0_AMT4' => '9.99',
    'L_PAYMENTREQUEST_0_AMT5' => '9.99',
    'PAYMENTREQUESTINFO_0_ERRORCODE' => '0',
  ),
) [] []
[2023-05-11 01:45:33] main.DEBUG: array (
  'url' => 'https://api-3t.sandbox.paypal.com/nvp',
  'DoExpressCheckoutPayment' => 
  array (
    'TOKEN' => 'EC-7N429721ML5272415',
    'PAYERID' => '5DDMVFA5L8CGS',
    'PAYMENTACTION' => 'Sale',
    'AMT' => '74.09',
    'CURRENCYCODE' => 'USD',
    'BUTTONSOURCE' => 'Magento_2_Community',
    'NOTIFYURL' => 'http://www.elfbar.com.de/paypal/ipn/',
    'RETURNFMFDETAILS' => 1,
    'SHIPPINGAMT' => '4.16',
    'ITEMAMT' => '69.93',
    'TAXAMT' => '0.00',
    'L_NUMBER0' => NULL,
    'L_NAME0' => 'ELFBAR 600 Disposable - Strawberry Raspberry Cherry Ice',
    'L_QTY0' => 1,
    'L_AMT0' => '9.99',
    'L_NUMBER1' => NULL,
    'L_NAME1' => 'ELFBAR 600 Disposable - Pink Grapefruit',
    'L_QTY1' => 1,
    'L_AMT1' => '9.99',
    'L_NUMBER2' => NULL,
    'L_NAME2' => 'ELFBAR 600 Disposable - Kiwi Passion Fruit Guava',
    'L_QTY2' => 1,
    'L_AMT2' => '9.99',
    'L_NUMBER3' => NULL,
    'L_NAME3' => 'ELFBAR 600 Disposable - Mad Blue',
    'L_QTY3' => 1,
    'L_AMT3' => '9.99',
    'L_NUMBER4' => NULL,
    'L_NAME4' => 'ELFBAR 600 Disposable - Tobacco',
    'L_QTY4' => 1,
    'L_AMT4' => '9.99',
    'L_NUMBER5' => NULL,
    'L_NAME5' => 'ELFA Device - Aurora Blue',
    'L_QTY5' => 2,
    'L_AMT5' => '9.99',
    'BUSINESS' => 'Company Name lisa',
    'EMAIL' => '100485640401@qq.com',
    'FIRSTNAME' => 'justeeeee',
    'LASTNAME' => 'lisa277',
    'MIDDLENAME' => NULL,
    'SALUTATION' => NULL,
    'SUFFIX' => NULL,
    'COUNTRYCODE' => 'GB',
    'STATE' => 'add',
    'CITY' => 'Birmingham',
    'STREET' => 'Unit 16, The Gateway Estate, Birmingham Cargo Airport, 1111',
    'ZIP' => 'B26 3QD',
    'PHONENUM' => '+447943868422',
    'SHIPTOCOUNTRYCODE' => 'GB',
    'SHIPTOSTATE' => 'add',
    'SHIPTOCITY' => 'Birmingham',
    'SHIPTOSTREET' => 'Unit 16, The Gateway Estate, Birmingham Cargo Airport, 1111',
    'SHIPTOZIP' => 'B26 3QD',
    'SHIPTOPHONENUM' => '+447943868422',
    'SHIPTOSTREET2' => '3333',
    'STREET2' => '3333',
    'SHIPTONAME' => 'justeeeee lisa277',
    'ADDROVERRIDE' => 1,
    'METHOD' => 'DoExpressCheckoutPayment',
    'VERSION' => '72.0',
    'USER' => '****',
    'PWD' => '****',
    'SIGNATURE' => '****',
  ),
  'response' => 
  array (
    'TOKEN' => 'EC-7N429721ML5272415',
    'SUCCESSPAGEREDIRECTREQUESTED' => 'false',
    'TIMESTAMP' => '2023-05-11T01:45:33Z',
    'CORRELATIONID' => '5f9d6029d395d',
    'ACK' => 'Success',
    'VERSION' => '72.0',
    'BUILD' => '58068808',
    'TRANSACTIONID' => '7XD75695V5235163A',
    'TRANSACTIONTYPE' => 'cart',
    'PAYMENTTYPE' => 'instant',
    'ORDERTIME' => '2023-05-11T01:45:32Z',
    'AMT' => '74.09',
    'FEEAMT' => '3.08',
    'TAXAMT' => '0.00',
    'CURRENCYCODE' => 'USD',
    'PAYMENTSTATUS' => 'Completed',
    'PENDINGREASON' => 'None',
    'REASONCODE' => 'None',
    'PROTECTIONELIGIBILITY' => 'Eligible',
    'INSURANCEOPTIONSELECTED' => 'false',
    'SHIPPINGOPTIONISDEFAULT' => 'false',
    'PAYMENTINFO_0_TRANSACTIONID' => '7XD75695V5235163A',
    'PAYMENTINFO_0_TRANSACTIONTYPE' => 'cart',
    'PAYMENTINFO_0_PAYMENTTYPE' => 'instant',
    'PAYMENTINFO_0_ORDERTIME' => '2023-05-11T01:45:32Z',
    'PAYMENTINFO_0_AMT' => '74.09',
    'PAYMENTINFO_0_FEEAMT' => '3.08',
    'PAYMENTINFO_0_TAXAMT' => '0.00',
    'PAYMENTINFO_0_CURRENCYCODE' => 'USD',
    'PAYMENTINFO_0_PAYMENTSTATUS' => 'Completed',
    'PAYMENTINFO_0_PENDINGREASON' => 'None',
    'PAYMENTINFO_0_REASONCODE' => 'None',
    'PAYMENTINFO_0_PROTECTIONELIGIBILITY' => 'Eligible',
    'PAYMENTINFO_0_PROTECTIONELIGIBILITYTYPE' => 'ItemNotReceivedEligible,UnauthorizedPaymentEligible',
    'PAYMENTINFO_0_SELLERPAYPALACCOUNTID' => 'sb-epq7f25579194@business.example.com',
    'PAYMENTINFO_0_SECUREMERCHANTACCOUNTID' => '4C678BEMN4YTS',
    'PAYMENTINFO_0_ERRORCODE' => '0',
    'PAYMENTINFO_0_ACK' => 'Success',
  ),
) [] []
[2023-05-11 01:58:13] main.DEBUG: array (
  'url' => 'https://api-3t.sandbox.paypal.com/nvp',
  'SetExpressCheckout' => 
  array (
    'PAYMENTACTION' => 'Sale',
    'AMT' => '114.05',
    'CURRENCYCODE' => 'USD',
    'RETURNURL' => 'http://www.elfbar.com.de/paypal/express/return/',
    'CANCELURL' => 'http://www.elfbar.com.de/paypal/express/cancel/',
    'INVNUM' => '2000000004',
    'SOLUTIONTYPE' => 'Mark',
    'GIROPAYCANCELURL' => 'http://www.elfbar.com.de/paypal/express/cancel/',
    'GIROPAYSUCCESSURL' => 'http://www.elfbar.com.de/checkout/onepage/success/',
    'BANKTXNPENDINGURL' => 'http://www.elfbar.com.de/checkout/onepage/success/',
    'SHIPPINGAMT' => '4.16',
    'ITEMAMT' => '109.89',
    'TAXAMT' => '0.00',
    'L_NUMBER0' => NULL,
    'L_NAME0' => 'ELFBAR 600 Disposable - Cherry Cola',
    'L_QTY0' => 3,
    'L_AMT0' => '9.99',
    'L_NUMBER1' => NULL,
    'L_NAME1' => 'ELFA Device - Navy Blue',
    'L_QTY1' => 7,
    'L_AMT1' => '9.99',
    'L_NUMBER2' => NULL,
    'L_NAME2' => 'ELFBAR 600 Disposable - Pink Grapefruit',
    'L_QTY2' => 1,
    'L_AMT2' => '9.99',
    'BUSINESS' => 'Cn',
    'NOTETEXT' => NULL,
    'EMAIL' => 'fly.ning@heavengifts.com',
    'FIRSTNAME' => 'N11',
    'LASTNAME' => 'ning',
    'MIDDLENAME' => NULL,
    'SALUTATION' => NULL,
    'SUFFIX' => NULL,
    'COUNTRYCODE' => 'CN',
    'STATE' => 'CN-AH',
    'CITY' => 'C',
    'STREET' => 'Sl1',
    'ZIP' => 'ZZ46 9AA',
    'PHONENUM' => '12345',
    'SHIPTOCOUNTRYCODE' => 'CN',
    'SHIPTOSTATE' => 'CN-AH',
    'SHIPTOCITY' => 'C',
    'SHIPTOSTREET' => 'Sl1',
    'SHIPTOZIP' => 'ZZ46 9AA',
    'SHIPTOPHONENUM' => '12345',
    'SHIPTOSTREET2' => 'Sl2',
    'STREET2' => 'Sl2',
    'SHIPTONAME' => 'N11 ning',
    'ADDROVERRIDE' => 1,
    'METHOD' => 'SetExpressCheckout',
    'VERSION' => '72.0',
    'USER' => '****',
    'PWD' => '****',
    'SIGNATURE' => '****',
    'BUTTONSOURCE' => 'Magento_2_Community',
  ),
  'response' => 
  array (
    'TOKEN' => 'EC-0A394803PD775145H',
    'TIMESTAMP' => '2023-05-11T01:58:13Z',
    'CORRELATIONID' => '6632f33be2490',
    'ACK' => 'Success',
    'VERSION' => '72.0',
    'BUILD' => '58068808',
  ),
) [] []
[2023-05-11 03:33:15] main.DEBUG: array (
  'url' => 'https://api-3t.sandbox.paypal.com/nvp',
  'SetExpressCheckout' => 
  array (
    'PAYMENTACTION' => 'Sale',
    'AMT' => '34.13',
    'CURRENCYCODE' => 'USD',
    'RETURNURL' => 'http://www.elfbar.com.de/paypal/express/return/',
    'CANCELURL' => 'http://www.elfbar.com.de/paypal/express/cancel/',
    'INVNUM' => '000000018',
    'SOLUTIONTYPE' => 'Mark',
    'GIROPAYCANCELURL' => 'http://www.elfbar.com.de/paypal/express/cancel/',
    'GIROPAYSUCCESSURL' => 'http://www.elfbar.com.de/checkout/onepage/success/',
    'BANKTXNPENDINGURL' => 'http://www.elfbar.com.de/checkout/onepage/success/',
    'SHIPPINGAMT' => '4.16',
    'ITEMAMT' => '29.97',
    'TAXAMT' => '0.00',
    'L_NUMBER0' => NULL,
    'L_NAME0' => 'ELFBAR 600 Disposable - Cream Tobacco',
    'L_QTY0' => 1,
    'L_AMT0' => '9.99',
    'L_NUMBER1' => NULL,
    'L_NAME1' => 'ELFA Prefilled Pod - Strawberry Cola',
    'L_QTY1' => 1,
    'L_AMT1' => '9.99',
    'L_NUMBER2' => NULL,
    'L_NAME2' => 'ELFA Prefilled Pod - Strawberry Strawberry Kiwi',
    'L_QTY2' => 1,
    'L_AMT2' => '9.99',
    'BUSINESS' => 'lisa4444',
    'NOTETEXT' => NULL,
    'EMAIL' => '1004856404@qq.com',
    'FIRSTNAME' => 'lisa4444',
    'LASTNAME' => 'lisa4444',
    'MIDDLENAME' => NULL,
    'SALUTATION' => NULL,
    'SUFFIX' => NULL,
    'COUNTRYCODE' => 'US',
    'STATE' => 'AS',
    'CITY' => 'lisa4444',
    'STREET' => 'lisa4444 lisa4444',
    'ZIP' => 'lisa4444',
    'PHONENUM' => 'lisa4444',
    'SHIPTOCOUNTRYCODE' => 'CA',
    'SHIPTOSTATE' => 'AB',
    'SHIPTOCITY' => 'city',
    'SHIPTOSTREET' => 'eeeeeeeeeeee',
    'SHIPTOZIP' => '123456',
    'SHIPTOPHONENUM' => '18888052583',
    'SHIPTOSTREET2' => '',
    'STREET2' => 'lisa4444',
    'SHIPTONAME' => 'lisa0000 lisa0000',
    'ADDROVERRIDE' => 1,
    'METHOD' => 'SetExpressCheckout',
    'VERSION' => '72.0',
    'USER' => '****',
    'PWD' => '****',
    'SIGNATURE' => '****',
    'BUTTONSOURCE' => 'Magento_2_Community',
  ),
  'response' => 
  array (
    'TOKEN' => 'EC-6GU07069LN724534W',
    'TIMESTAMP' => '2023-05-11T03:33:15Z',
    'CORRELATIONID' => 'c90f4d4c4c78e',
    'ACK' => 'Success',
    'VERSION' => '72.0',
    'BUILD' => '58068808',
  ),
) [] []
[2023-05-11 05:44:13] main.DEBUG: array (
  'url' => 'https://api-3t.sandbox.paypal.com/nvp',
  'SetExpressCheckout' => 
  array (
    'PAYMENTACTION' => 'Sale',
    'AMT' => '19.98',
    'CURRENCYCODE' => 'USD',
    'RETURNURL' => 'http://www.elfbar.com.de/paypal/express/return/',
    'CANCELURL' => 'http://www.elfbar.com.de/paypal/express/cancel/',
    'INVNUM' => '2000000007',
    'SOLUTIONTYPE' => 'Mark',
    'GIROPAYCANCELURL' => 'http://www.elfbar.com.de/paypal/express/cancel/',
    'GIROPAYSUCCESSURL' => 'http://www.elfbar.com.de/checkout/onepage/success/',
    'BANKTXNPENDINGURL' => 'http://www.elfbar.com.de/checkout/onepage/success/',
    'SHIPPINGAMT' => '0.00',
    'ITEMAMT' => '19.98',
    'TAXAMT' => '0.00',
    'L_NUMBER0' => NULL,
    'L_NAME0' => 'ELFBAR 600 Disposable - Pink Grapefruit',
    'L_QTY0' => 2,
    'L_AMT0' => '9.99',
    'METHOD' => 'SetExpressCheckout',
    'VERSION' => '72.0',
    'USER' => '****',
    'PWD' => '****',
    'SIGNATURE' => '****',
    'BUTTONSOURCE' => 'Magento_2_Community',
  ),
  'response' => 
  array (
    'TOKEN' => 'EC-7LV28223E6010272J',
    'TIMESTAMP' => '2023-05-11T05:44:13Z',
    'CORRELATIONID' => '423d44ca61088',
    'ACK' => 'Success',
    'VERSION' => '72.0',
    'BUILD' => '58068808',
  ),
) [] []
[2023-05-11 06:11:38] main.DEBUG: array (
  'url' => 'https://api-3t.sandbox.paypal.com/nvp',
  'SetExpressCheckout' => 
  array (
    'PAYMENTACTION' => 'Sale',
    'AMT' => '109.89',
    'CURRENCYCODE' => 'USD',
    'RETURNURL' => 'http://www.elfbar.com.de/paypal/express/return/',
    'CANCELURL' => 'http://www.elfbar.com.de/paypal/express/cancel/',
    'INVNUM' => '000000018',
    'SOLUTIONTYPE' => 'Mark',
    'GIROPAYCANCELURL' => 'http://www.elfbar.com.de/paypal/express/cancel/',
    'GIROPAYSUCCESSURL' => 'http://www.elfbar.com.de/checkout/onepage/success/',
    'BANKTXNPENDINGURL' => 'http://www.elfbar.com.de/checkout/onepage/success/',
    'SHIPPINGAMT' => '0.00',
    'ITEMAMT' => '109.89',
    'TAXAMT' => '0.00',
    'L_NUMBER0' => NULL,
    'L_NAME0' => 'ELFBAR 600 Disposable - Cream Tobacco x4',
    'L_QTY0' => 1,
    'L_AMT0' => '19.98',
    'L_NUMBER1' => NULL,
    'L_NAME1' => 'ELFA Prefilled Pod - Strawberry Cola x2',
    'L_QTY1' => 1,
    'L_AMT1' => '9.99',
    'L_NUMBER2' => NULL,
    'L_NAME2' => 'ELFA Prefilled Pod - Strawberry Strawberry Kiwi x2',
    'L_QTY2' => 1,
    'L_AMT2' => '9.99',
    'L_NUMBER3' => NULL,
    'L_NAME3' => 'ELFBAR 600 Disposable - Cherry Cola x4',
    'L_QTY3' => 1,
    'L_AMT3' => '19.98',
    'L_NUMBER4' => NULL,
    'L_NAME4' => 'ELFBAR 600 Disposable - Mango x4',
    'L_QTY4' => 1,
    'L_AMT4' => '19.98',
    'L_NUMBER5' => NULL,
    'L_NAME5' => 'ELFBAR 600 Disposable - Kiwi Passion Fruit Guava x2',
    'L_QTY5' => 1,
    'L_AMT5' => '9.99',
    'L_NUMBER6' => NULL,
    'L_NAME6' => 'ELFBAR 600 Disposable - Pink Grapefruit x2',
    'L_QTY6' => 1,
    'L_AMT6' => '9.99',
    'L_NUMBER7' => NULL,
    'L_NAME7' => 'ELFBAR 600 Disposable - Strawberry Raspberry Cherry Ice x2',
    'L_QTY7' => 1,
    'L_AMT7' => '9.99',
    'METHOD' => 'SetExpressCheckout',
    'VERSION' => '72.0',
    'USER' => '****',
    'PWD' => '****',
    'SIGNATURE' => '****',
    'BUTTONSOURCE' => 'Magento_2_Community',
  ),
  'response' => 
  array (
    'TOKEN' => 'EC-0MC80501AT7575935',
    'TIMESTAMP' => '2023-05-11T06:11:38Z',
    'CORRELATIONID' => 'ec16bd1d63190',
    'ACK' => 'Success',
    'VERSION' => '72.0',
    'BUILD' => '58068808',
  ),
) [] []
[2023-05-11 06:41:08] main.DEBUG: array (
  'url' => 'https://api-3t.sandbox.paypal.com/nvp',
  'getPalDetails' => 
  array (
    'METHOD' => 'getPalDetails',
    'VERSION' => '72.0',
    'USER' => '****',
    'PWD' => '****',
    'SIGNATURE' => '****',
    'BUTTONSOURCE' => 'Magento_2_Community',
  ),
  'response' => 
  array (
    'PAL' => '4C678BEMN4YTS',
    'LOCALE' => 'en_US',
    'TIMESTAMP' => '2023-05-11T06:41:08Z',
    'CORRELATIONID' => 'c1961697056b',
    'ACK' => 'Success',
    'VERSION' => '72.0',
    'BUILD' => '57991821',
  ),
) [] []
[2023-05-11 06:41:26] main.DEBUG: array (
  'url' => 'https://api-3t.sandbox.paypal.com/nvp',
  'getPalDetails' => 
  array (
    'METHOD' => 'getPalDetails',
    'VERSION' => '72.0',
    'USER' => '****',
    'PWD' => '****',
    'SIGNATURE' => '****',
    'BUTTONSOURCE' => 'Magento_2_Community',
  ),
  'response' => 
  array (
    'PAL' => '4C678BEMN4YTS',
    'LOCALE' => 'en_US',
    'TIMESTAMP' => '2023-05-11T06:41:26Z',
    'CORRELATIONID' => '5defea699fcd7',
    'ACK' => 'Success',
    'VERSION' => '72.0',
    'BUILD' => '57991821',
  ),
) [] []
[2023-05-11 06:41:41] main.DEBUG: array (
  'url' => 'https://api-3t.sandbox.paypal.com/nvp',
  'getPalDetails' => 
  array (
    'METHOD' => 'getPalDetails',
    'VERSION' => '72.0',
    'USER' => '****',
    'PWD' => '****',
    'SIGNATURE' => '****',
    'BUTTONSOURCE' => 'Magento_2_Community',
  ),
  'response' => 
  array (
    'PAL' => '4C678BEMN4YTS',
    'LOCALE' => 'en_US',
    'TIMESTAMP' => '2023-05-11T06:41:41Z',
    'CORRELATIONID' => '33c05100d7f0b',
    'ACK' => 'Success',
    'VERSION' => '72.0',
    'BUILD' => '57991821',
  ),
) [] []
[2023-05-11 07:12:41] main.DEBUG: array (
  'url' => 'https://api-3t.sandbox.paypal.com/nvp',
  'getPalDetails' => 
  array (
    'METHOD' => 'getPalDetails',
    'VERSION' => '72.0',
    'USER' => '****',
    'PWD' => '****',
    'SIGNATURE' => '****',
    'BUTTONSOURCE' => 'Magento_2_Community',
  ),
  'response' => 
  array (
    'PAL' => '4C678BEMN4YTS',
    'LOCALE' => 'en_US',
    'TIMESTAMP' => '2023-05-11T07:12:41Z',
    'CORRELATIONID' => 'b95a8fd5b5ccb',
    'ACK' => 'Success',
    'VERSION' => '72.0',
    'BUILD' => '57991821',
  ),
) [] []
[2023-05-11 07:20:40] main.DEBUG: array (
  'url' => 'https://api-3t.sandbox.paypal.com/nvp',
  'getPalDetails' => 
  array (
    'METHOD' => 'getPalDetails',
    'VERSION' => '72.0',
    'USER' => '****',
    'PWD' => '****',
    'SIGNATURE' => '****',
    'BUTTONSOURCE' => 'Magento_2_Community',
  ),
  'response' => 
  array (
    'PAL' => '4C678BEMN4YTS',
    'LOCALE' => 'en_US',
    'TIMESTAMP' => '2023-05-11T07:20:40Z',
    'CORRELATIONID' => '101c0f46d2d57',
    'ACK' => 'Success',
    'VERSION' => '72.0',
    'BUILD' => '57991821',
  ),
) [] []
[2023-05-11 08:15:43] main.DEBUG: array (
  'url' => 'https://api-3t.sandbox.paypal.com/nvp',
  'SetExpressCheckout' => 
  array (
    'PAYMENTACTION' => 'Sale',
    'AMT' => '87.91',
    'CURRENCYCODE' => 'EUR',
    'RETURNURL' => 'http://www.elfbar.com.de/paypal/express/return/',
    'CANCELURL' => 'http://www.elfbar.com.de/paypal/express/cancel/',
    'INVNUM' => '000000020',
    'SOLUTIONTYPE' => 'Mark',
    'GIROPAYCANCELURL' => 'http://www.elfbar.com.de/paypal/express/cancel/',
    'GIROPAYSUCCESSURL' => 'http://www.elfbar.com.de/checkout/onepage/success/',
    'BANKTXNPENDINGURL' => 'http://www.elfbar.com.de/checkout/onepage/success/',
    'SHIPPINGAMT' => '0.00',
    'ITEMAMT' => '87.91',
    'TAXAMT' => '0.00',
    'L_NUMBER0' => NULL,
    'L_NAME0' => 'ELFBAR 600 ELFLIQ - Spearmint 10 ml',
    'L_QTY0' => 2,
    'L_AMT0' => '8.99',
    'L_NUMBER1' => NULL,
    'L_NAME1' => 'ELFBAR 600 Disposable - Pink Grapefruit',
    'L_QTY1' => 6,
    'L_AMT1' => '9.99',
    'L_NUMBER2' => NULL,
    'L_NAME2' => 'ELFBAR 600 Disposable - Strawberry Raspberry Cherry Ice',
    'L_QTY2' => 1,
    'L_AMT2' => '9.99',
    'BUSINESS' => 'Cn',
    'NOTETEXT' => NULL,
    'EMAIL' => 'fly.ning@heavengifts.com',
    'FIRSTNAME' => 'N122',
    'LASTNAME' => 'ning',
    'MIDDLENAME' => NULL,
    'SALUTATION' => NULL,
    'SUFFIX' => NULL,
    'COUNTRYCODE' => 'CN',
    'STATE' => 'CN-AH',
    'CITY' => 'C',
    'STREET' => 'Sl1',
    'ZIP' => 'PA46 9AA',
    'PHONENUM' => '12345',
    'SHIPTOCOUNTRYCODE' => 'CN',
    'SHIPTOSTATE' => 'CN-AH',
    'SHIPTOCITY' => 'C',
    'SHIPTOSTREET' => 'Sl1',
    'SHIPTOZIP' => 'PA46 9AA',
    'SHIPTOPHONENUM' => '12345',
    'SHIPTOSTREET2' => 'Sl2',
    'STREET2' => 'Sl2',
    'SHIPTONAME' => 'N122 ning',
    'ADDROVERRIDE' => 1,
    'METHOD' => 'SetExpressCheckout',
    'VERSION' => '72.0',
    'USER' => '****',
    'PWD' => '****',
    'SIGNATURE' => '****',
    'BUTTONSOURCE' => 'Magento_2_Community',
  ),
  'response' => 
  array (
    'TOKEN' => 'EC-10W99153Y9728111N',
    'TIMESTAMP' => '2023-05-11T08:15:43Z',
    'CORRELATIONID' => 'b698f5cc8ecf6',
    'ACK' => 'Success',
    'VERSION' => '72.0',
    'BUILD' => '58068808',
  ),
) [] []
[2023-05-12 07:48:59] main.DEBUG: array (
  'url' => 'https://api-3t.sandbox.paypal.com/nvp',
  'SetExpressCheckout' => 
  array (
    'PAYMENTACTION' => 'Sale',
    'AMT' => '176.82',
    'CURRENCYCODE' => 'EUR',
    'RETURNURL' => 'http://www.elfbar.com.de/paypal/express/return/',
    'CANCELURL' => 'http://www.elfbar.com.de/paypal/express/cancel/',
    'INVNUM' => '2000000013',
    'SOLUTIONTYPE' => 'Mark',
    'GIROPAYCANCELURL' => 'http://www.elfbar.com.de/paypal/express/cancel/',
    'GIROPAYSUCCESSURL' => 'http://www.elfbar.com.de/checkout/onepage/success/',
    'BANKTXNPENDINGURL' => 'http://www.elfbar.com.de/checkout/onepage/success/',
    'SHIPPINGAMT' => '0.00',
    'ITEMAMT' => '176.82',
    'TAXAMT' => '0.00',
    'L_NUMBER0' => NULL,
    'L_NAME0' => 'ELFBAR 600 Disposable - Strawberry Ice',
    'L_QTY0' => 1,
    'L_AMT0' => '9.99',
    'L_NUMBER1' => NULL,
    'L_NAME1' => 'ELFBAR 600 Disposable - Strawberry Raspberry Cherry Ice',
    'L_QTY1' => 3,
    'L_AMT1' => '9.99',
    'L_NUMBER2' => NULL,
    'L_NAME2' => 'ELFBAR 600 Disposable - Mango',
    'L_QTY2' => 1,
    'L_AMT2' => '9.99',
    'L_NUMBER3' => NULL,
    'L_NAME3' => 'ELFBAR 600 Disposable - Pink Grapefruit',
    'L_QTY3' => 6,
    'L_AMT3' => '9.99',
    'L_NUMBER4' => NULL,
    'L_NAME4' => 'ELFBAR 600 ELFLIQ - Cotton Candy Ice 10 ml',
    'L_QTY4' => 2,
    'L_AMT4' => '8.99',
    'L_NUMBER5' => NULL,
    'L_NAME5' => 'ELFBAR 600 Disposable - Cherry Cola',
    'L_QTY5' => 1,
    'L_AMT5' => '9.99',
    'L_NUMBER6' => NULL,
    'L_NAME6' => 'ELFBAR 600 ELFLIQ - Elfbull Ice（Elfergy Ice）10 ml',
    'L_QTY6' => 1,
    'L_AMT6' => '8.99',
    'L_NUMBER7' => NULL,
    'L_NAME7' => 'ELFA Device - Navy Blue',
    'L_QTY7' => 2,
    'L_AMT7' => '9.99',
    'L_NUMBER8' => NULL,
    'L_NAME8' => 'ELFA Device - Aurora Purple',
    'L_QTY8' => 1,
    'L_AMT8' => '9.99',
    'METHOD' => 'SetExpressCheckout',
    'VERSION' => '72.0',
    'USER' => '****',
    'PWD' => '****',
    'SIGNATURE' => '****',
    'BUTTONSOURCE' => 'Magento_2_Community',
  ),
  'response' => 
  array (
    'TOKEN' => 'EC-8936715741624713B',
    'TIMESTAMP' => '2023-05-12T07:48:59Z',
    'CORRELATIONID' => '412bce9afcccd',
    'ACK' => 'Success',
    'VERSION' => '72.0',
    'BUILD' => '58068808',
  ),
) [] []
[2023-05-12 09:34:04] main.DEBUG: array (
  'url' => 'https://api-3t.sandbox.paypal.com/nvp',
  'SetExpressCheckout' => 
  array (
    'PAYMENTACTION' => 'Sale',
    'AMT' => '95.90',
    'CURRENCYCODE' => 'EUR',
    'RETURNURL' => 'http://www.elfbar.com.de/paypal/express/return/',
    'CANCELURL' => 'http://www.elfbar.com.de/paypal/express/cancel/',
    'INVNUM' => '2000000013',
    'SOLUTIONTYPE' => 'Mark',
    'GIROPAYCANCELURL' => 'http://www.elfbar.com.de/paypal/express/cancel/',
    'GIROPAYSUCCESSURL' => 'http://www.elfbar.com.de/checkout/onepage/success/',
    'BANKTXNPENDINGURL' => 'http://www.elfbar.com.de/checkout/onepage/success/',
    'SHIPPINGAMT' => '0.00',
    'ITEMAMT' => '95.90',
    'TAXAMT' => '0.00',
    'L_NUMBER0' => NULL,
    'L_NAME0' => 'ELFBAR 600 Disposable - Strawberry Raspberry Cherry Ice',
    'L_QTY0' => 3,
    'L_AMT0' => '9.99',
    'L_NUMBER1' => NULL,
    'L_NAME1' => 'ELFBAR 600 ELFLIQ - Cotton Candy Ice 10 ml',
    'L_QTY1' => 2,
    'L_AMT1' => '8.99',
    'L_NUMBER2' => NULL,
    'L_NAME2' => 'ELFBAR 600 Disposable - Cherry Cola',
    'L_QTY2' => 1,
    'L_AMT2' => '9.99',
    'L_NUMBER3' => NULL,
    'L_NAME3' => 'ELFBAR 600 ELFLIQ - Elfbull Ice（Elfergy Ice）10 ml',
    'L_QTY3' => 2,
    'L_AMT3' => '8.99',
    'L_NUMBER4' => NULL,
    'L_NAME4' => 'ELFA Device - Navy Blue',
    'L_QTY4' => 2,
    'L_AMT4' => '9.99',
    'METHOD' => 'SetExpressCheckout',
    'VERSION' => '72.0',
    'USER' => '****',
    'PWD' => '****',
    'SIGNATURE' => '****',
    'BUTTONSOURCE' => 'Magento_2_Community',
  ),
  'response' => 
  array (
    'TOKEN' => 'EC-5FK06229WD8047145',
    'TIMESTAMP' => '2023-05-12T09:34:04Z',
    'CORRELATIONID' => '80160cc471f5f',
    'ACK' => 'Success',
    'VERSION' => '72.0',
    'BUILD' => '58068808',
  ),
) [] []
[2023-05-18 02:39:03] main.DEBUG: array (
  'url' => 'https://api-3t.sandbox.paypal.com/nvp',
  'SetExpressCheckout' => 
  array (
    'PAYMENTACTION' => 'Sale',
    'AMT' => '14.15',
    'CURRENCYCODE' => 'EUR',
    'RETURNURL' => 'http://www.elfbar.com.de/paypal/express/return/',
    'CANCELURL' => 'http://www.elfbar.com.de/paypal/express/cancel/',
    'INVNUM' => '000000026',
    'SOLUTIONTYPE' => 'Mark',
    'GIROPAYCANCELURL' => 'http://www.elfbar.com.de/paypal/express/cancel/',
    'GIROPAYSUCCESSURL' => 'http://www.elfbar.com.de/checkout/onepage/success/',
    'BANKTXNPENDINGURL' => 'http://www.elfbar.com.de/checkout/onepage/success/',
    'SHIPPINGAMT' => '4.16',
    'ITEMAMT' => '9.99',
    'TAXAMT' => '0.00',
    'L_NUMBER0' => NULL,
    'L_NAME0' => 'ELFBAR 600 Disposable - Strawberry Elfbull',
    'L_QTY0' => 1,
    'L_AMT0' => '9.99',
    'BUSINESS' => NULL,
    'NOTETEXT' => NULL,
    'EMAIL' => 'kathy.zhang@elfbar.com',
    'FIRSTNAME' => 'kathy',
    'LASTNAME' => 'cheung',
    'MIDDLENAME' => NULL,
    'SALUTATION' => NULL,
    'SUFFIX' => NULL,
    'COUNTRYCODE' => 'US',
    'STATE' => 'CA',
    'CITY' => 'Rosemead',
    'STREET' => '8614 Valley Blvd, Rosemead, CA 91770',
    'ZIP' => '91770',
    'PHONENUM' => '1626223503',
    'SHIPTOCOUNTRYCODE' => 'US',
    'SHIPTOSTATE' => 'CA',
    'SHIPTOCITY' => 'Rosemead',
    'SHIPTOSTREET' => '8614 Valley Blvd, Rosemead, CA 91770',
    'SHIPTOZIP' => '91770',
    'SHIPTOPHONENUM' => '1626223503',
    'SHIPTOSTREET2' => '',
    'STREET2' => '',
    'SHIPTONAME' => 'kathy cheung',
    'ADDROVERRIDE' => 1,
    'METHOD' => 'SetExpressCheckout',
    'VERSION' => '72.0',
    'USER' => '****',
    'PWD' => '****',
    'SIGNATURE' => '****',
    'BUTTONSOURCE' => 'Magento_2_Community',
  ),
  'response' => 
  array (
    'TOKEN' => 'EC-5EN85222D8382980U',
    'TIMESTAMP' => '2023-05-18T02:39:03Z',
    'CORRELATIONID' => 'bcd0f96c94c76',
    'ACK' => 'Success',
    'VERSION' => '72.0',
    'BUILD' => '58068808',
  ),
) [] []
[2023-05-18 02:40:46] main.DEBUG: array (
  'url' => 'https://api-3t.sandbox.paypal.com/nvp',
  'GetExpressCheckoutDetails' => 
  array (
    'TOKEN' => 'EC-5EN85222D8382980U',
    'METHOD' => 'GetExpressCheckoutDetails',
    'VERSION' => '72.0',
    'USER' => '****',
    'PWD' => '****',
    'SIGNATURE' => '****',
    'BUTTONSOURCE' => 'Magento_2_Community',
  ),
  'response' => 
  array (
    'TOKEN' => 'EC-5EN85222D8382980U',
    'BILLINGAGREEMENTACCEPTEDSTATUS' => '0',
    'CHECKOUTSTATUS' => 'PaymentActionNotInitiated',
    'TIMESTAMP' => '2023-05-18T02:40:46Z',
    'CORRELATIONID' => 'bbe325bcc38a6',
    'ACK' => 'Success',
    'VERSION' => '72.0',
    'BUILD' => '58068808',
    'EMAIL' => 'sb-h93ia25610226@personal.example.com',
    'PAYERID' => '5DDMVFA5L8CGS',
    'PAYERSTATUS' => 'verified',
    'FIRSTNAME' => 'John',
    'LASTNAME' => 'Doe',
    'COUNTRYCODE' => 'US',
    'SHIPTONAME' => 'kathy cheung',
    'SHIPTOSTREET' => '8614 Valley Blvd, Rosemead, CA 91770',
    'SHIPTOCITY' => 'Rosemead',
    'SHIPTOSTATE' => 'CA',
    'SHIPTOZIP' => '91770',
    'SHIPTOCOUNTRYCODE' => 'US',
    'SHIPTOPHONENUM' => '1626223503',
    'SHIPTOCOUNTRYNAME' => 'United States',
    'ADDRESSSTATUS' => 'Confirmed',
    'CURRENCYCODE' => 'EUR',
    'AMT' => '14.15',
    'ITEMAMT' => '9.99',
    'SHIPPINGAMT' => '4.16',
    'HANDLINGAMT' => '0.00',
    'TAXAMT' => '0.00',
    'INVNUM' => '000000026',
    'INSURANCEAMT' => '0.00',
    'SHIPDISCAMT' => '0.00',
    'INSURANCEOPTIONOFFERED' => 'false',
    'L_NAME0' => 'ELFBAR 600 Disposable - Strawberry Elfbull',
    'L_QTY0' => '1',
    'L_TAXAMT0' => '0.00',
    'L_AMT0' => '9.99',
    'PAYMENTREQUEST_0_CURRENCYCODE' => 'EUR',
    'PAYMENTREQUEST_0_AMT' => '14.15',
    'PAYMENTREQUEST_0_ITEMAMT' => '9.99',
    'PAYMENTREQUEST_0_SHIPPINGAMT' => '4.16',
    'PAYMENTREQUEST_0_HANDLINGAMT' => '0.00',
    'PAYMENTREQUEST_0_TAXAMT' => '0.00',
    'PAYMENTREQUEST_0_INVNUM' => '000000026',
    'PAYMENTREQUEST_0_INSURANCEAMT' => '0.00',
    'PAYMENTREQUEST_0_SHIPDISCAMT' => '0.00',
    'PAYMENTREQUEST_0_SELLERPAYPALACCOUNTID' => 'sb-epq7f25579194@business.example.com',
    'PAYMENTREQUEST_0_INSURANCEOPTIONOFFERED' => 'false',
    'PAYMENTREQUEST_0_SHIPTONAME' => 'kathy cheung',
    'PAYMENTREQUEST_0_SHIPTOSTREET' => '8614 Valley Blvd, Rosemead, CA 91770',
    'PAYMENTREQUEST_0_SHIPTOCITY' => 'Rosemead',
    'PAYMENTREQUEST_0_SHIPTOSTATE' => 'CA',
    'PAYMENTREQUEST_0_SHIPTOZIP' => '91770',
    'PAYMENTREQUEST_0_SHIPTOCOUNTRYCODE' => 'US',
    'PAYMENTREQUEST_0_SHIPTOPHONENUM' => '1626223503',
    'PAYMENTREQUEST_0_SHIPTOCOUNTRYNAME' => 'United States',
    'PAYMENTREQUEST_0_ADDRESSSTATUS' => 'Confirmed',
    'L_PAYMENTREQUEST_0_NAME0' => 'ELFBAR 600 Disposable - Strawberry Elfbull',
    'L_PAYMENTREQUEST_0_QTY0' => '1',
    'L_PAYMENTREQUEST_0_TAXAMT0' => '0.00',
    'L_PAYMENTREQUEST_0_AMT0' => '9.99',
    'PAYMENTREQUESTINFO_0_ERRORCODE' => '0',
  ),
) [] []
[2023-05-18 02:40:49] main.DEBUG: array (
  'url' => 'https://api-3t.sandbox.paypal.com/nvp',
  'DoExpressCheckoutPayment' => 
  array (
    'TOKEN' => 'EC-5EN85222D8382980U',
    'PAYERID' => '5DDMVFA5L8CGS',
    'PAYMENTACTION' => 'Sale',
    'AMT' => '14.15',
    'CURRENCYCODE' => 'EUR',
    'BUTTONSOURCE' => 'Magento_2_Community',
    'NOTIFYURL' => 'http://www.elfbar.com.de/paypal/ipn/',
    'RETURNFMFDETAILS' => 1,
    'SHIPPINGAMT' => '4.16',
    'ITEMAMT' => '9.99',
    'TAXAMT' => '0.00',
    'L_NUMBER0' => NULL,
    'L_NAME0' => 'ELFBAR 600 Disposable - Strawberry Elfbull',
    'L_QTY0' => 1,
    'L_AMT0' => '9.99',
    'BUSINESS' => NULL,
    'EMAIL' => 'kathy.zhang@elfbar.com',
    'FIRSTNAME' => 'kathy',
    'LASTNAME' => 'cheung',
    'MIDDLENAME' => NULL,
    'SALUTATION' => NULL,
    'SUFFIX' => NULL,
    'COUNTRYCODE' => 'US',
    'STATE' => 'CA',
    'CITY' => 'Rosemead',
    'STREET' => '8614 Valley Blvd, Rosemead, CA 91770',
    'ZIP' => '91770',
    'PHONENUM' => '1626223503',
    'SHIPTOCOUNTRYCODE' => 'US',
    'SHIPTOSTATE' => 'CA',
    'SHIPTOCITY' => 'Rosemead',
    'SHIPTOSTREET' => '8614 Valley Blvd, Rosemead, CA 91770',
    'SHIPTOZIP' => '91770',
    'SHIPTOPHONENUM' => '1626223503',
    'SHIPTOSTREET2' => '',
    'STREET2' => '',
    'SHIPTONAME' => 'kathy cheung',
    'ADDROVERRIDE' => 1,
    'METHOD' => 'DoExpressCheckoutPayment',
    'VERSION' => '72.0',
    'USER' => '****',
    'PWD' => '****',
    'SIGNATURE' => '****',
  ),
  'response' => 
  array (
    'TOKEN' => 'EC-5EN85222D8382980U',
    'SUCCESSPAGEREDIRECTREQUESTED' => 'false',
    'TIMESTAMP' => '2023-05-18T02:40:48Z',
    'CORRELATIONID' => 'c1e56d9e6abd5',
    'ACK' => 'Success',
    'VERSION' => '72.0',
    'BUILD' => '58068808',
    'TRANSACTIONID' => '1K223976YL700692A',
    'TRANSACTIONTYPE' => 'cart',
    'PAYMENTTYPE' => 'instant',
    'ORDERTIME' => '2023-05-18T02:40:48Z',
    'AMT' => '14.15',
    'FEEAMT' => '0.88',
    'TAXAMT' => '0.00',
    'CURRENCYCODE' => 'EUR',
    'PAYMENTSTATUS' => 'Completed',
    'PENDINGREASON' => 'None',
    'REASONCODE' => 'None',
    'PROTECTIONELIGIBILITY' => 'Eligible',
    'INSURANCEOPTIONSELECTED' => 'false',
    'SHIPPINGOPTIONISDEFAULT' => 'false',
    'PAYMENTINFO_0_TRANSACTIONID' => '1K223976YL700692A',
    'PAYMENTINFO_0_TRANSACTIONTYPE' => 'cart',
    'PAYMENTINFO_0_PAYMENTTYPE' => 'instant',
    'PAYMENTINFO_0_ORDERTIME' => '2023-05-18T02:40:48Z',
    'PAYMENTINFO_0_AMT' => '14.15',
    'PAYMENTINFO_0_FEEAMT' => '0.88',
    'PAYMENTINFO_0_TAXAMT' => '0.00',
    'PAYMENTINFO_0_CURRENCYCODE' => 'EUR',
    'PAYMENTINFO_0_EXCHANGERATE' => '0.8627555079',
    'PAYMENTINFO_0_PAYMENTSTATUS' => 'Completed',
    'PAYMENTINFO_0_PENDINGREASON' => 'None',
    'PAYMENTINFO_0_REASONCODE' => 'None',
    'PAYMENTINFO_0_PROTECTIONELIGIBILITY' => 'Eligible',
    'PAYMENTINFO_0_PROTECTIONELIGIBILITYTYPE' => 'ItemNotReceivedEligible,UnauthorizedPaymentEligible',
    'PAYMENTINFO_0_SELLERPAYPALACCOUNTID' => 'sb-epq7f25579194@business.example.com',
    'PAYMENTINFO_0_SECUREMERCHANTACCOUNTID' => '4C678BEMN4YTS',
    'PAYMENTINFO_0_ERRORCODE' => '0',
    'PAYMENTINFO_0_ACK' => 'Success',
  ),
) [] []
[2023-05-19 01:39:02] main.DEBUG: array (
  'url' => 'https://api-3t.sandbox.paypal.com/nvp',
  'SetExpressCheckout' => 
  array (
    'PAYMENTACTION' => 'Sale',
    'AMT' => '14.15',
    'CURRENCYCODE' => 'EUR',
    'RETURNURL' => 'http://www.elfbar.com.de/paypal/express/return/',
    'CANCELURL' => 'http://www.elfbar.com.de/paypal/express/cancel/',
    'INVNUM' => '000000027',
    'SOLUTIONTYPE' => 'Mark',
    'GIROPAYCANCELURL' => 'http://www.elfbar.com.de/paypal/express/cancel/',
    'GIROPAYSUCCESSURL' => 'http://www.elfbar.com.de/checkout/onepage/success/',
    'BANKTXNPENDINGURL' => 'http://www.elfbar.com.de/checkout/onepage/success/',
    'SHIPPINGAMT' => '4.16',
    'ITEMAMT' => '9.99',
    'TAXAMT' => '0.00',
    'L_NUMBER0' => NULL,
    'L_NAME0' => 'ELFBAR 600 Disposable - Mango Milk Ice',
    'L_QTY0' => 1,
    'L_AMT0' => '9.99',
    'BUSINESS' => ' Imiracle (HK) Limited',
    'NOTETEXT' => NULL,
    'EMAIL' => 'kathy.zhang@elfbar.com',
    'FIRSTNAME' => 'kathy',
    'LASTNAME' => 'cheung',
    'MIDDLENAME' => NULL,
    'SALUTATION' => NULL,
    'SUFFIX' => NULL,
    'COUNTRYCODE' => 'MV',
    'STATE' => NULL,
    'CITY' => 'Male',
    'STREET' => '8614 Valley Blvd, Rosemead, CA 91770',
    'ZIP' => '20026',
    'PHONENUM' => '1626223503',
    'SHIPTOCOUNTRYCODE' => 'MV',
    'SHIPTOSTATE' => NULL,
    'SHIPTOCITY' => 'Male',
    'SHIPTOSTREET' => '8614 Valley Blvd, Rosemead, CA 91770',
    'SHIPTOZIP' => '20026',
    'SHIPTOPHONENUM' => '1626223503',
    'SHIPTOSTREET2' => '',
    'STREET2' => '',
    'SHIPTONAME' => 'kathy cheung',
    'ADDROVERRIDE' => 1,
    'METHOD' => 'SetExpressCheckout',
    'VERSION' => '72.0',
    'USER' => '****',
    'PWD' => '****',
    'SIGNATURE' => '****',
    'BUTTONSOURCE' => 'Magento_2_Community',
  ),
  'response' => 
  array (
    'TOKEN' => 'EC-7RP99370EP959232W',
    'TIMESTAMP' => '2023-05-19T01:39:02Z',
    'CORRELATIONID' => '79727d70b8e26',
    'ACK' => 'Success',
    'VERSION' => '72.0',
    'BUILD' => '58068808',
  ),
) [] []
[2023-05-19 01:40:05] main.DEBUG: array (
  'url' => 'https://api-3t.sandbox.paypal.com/nvp',
  'SetExpressCheckout' => 
  array (
    'PAYMENTACTION' => 'Sale',
    'AMT' => '14.15',
    'CURRENCYCODE' => 'EUR',
    'RETURNURL' => 'http://www.elfbar.com.de/paypal/express/return/',
    'CANCELURL' => 'http://www.elfbar.com.de/paypal/express/cancel/',
    'INVNUM' => '000000027',
    'SOLUTIONTYPE' => 'Mark',
    'GIROPAYCANCELURL' => 'http://www.elfbar.com.de/paypal/express/cancel/',
    'GIROPAYSUCCESSURL' => 'http://www.elfbar.com.de/checkout/onepage/success/',
    'BANKTXNPENDINGURL' => 'http://www.elfbar.com.de/checkout/onepage/success/',
    'SHIPPINGAMT' => '4.16',
    'ITEMAMT' => '9.99',
    'TAXAMT' => '0.00',
    'L_NUMBER0' => NULL,
    'L_NAME0' => 'ELFBAR 600 Disposable - Mango Milk Ice',
    'L_QTY0' => 1,
    'L_AMT0' => '9.99',
    'BUSINESS' => ' Imiracle (HK) Limited',
    'NOTETEXT' => NULL,
    'EMAIL' => 'kathy.zhang@elfbar.com',
    'FIRSTNAME' => 'kathy',
    'LASTNAME' => 'cheung',
    'MIDDLENAME' => NULL,
    'SALUTATION' => NULL,
    'SUFFIX' => NULL,
    'COUNTRYCODE' => 'MV',
    'STATE' => NULL,
    'CITY' => 'Male',
    'STREET' => '8614 Valley Blvd, Rosemead, CA 91770',
    'ZIP' => '20026',
    'PHONENUM' => '1626223503',
    'SHIPTOCOUNTRYCODE' => 'MV',
    'SHIPTOSTATE' => NULL,
    'SHIPTOCITY' => 'Male',
    'SHIPTOSTREET' => '8614 Valley Blvd, Rosemead, CA 91770',
    'SHIPTOZIP' => '20026',
    'SHIPTOPHONENUM' => '1626223503',
    'SHIPTOSTREET2' => '',
    'STREET2' => '',
    'SHIPTONAME' => 'kathy cheung',
    'ADDROVERRIDE' => 1,
    'METHOD' => 'SetExpressCheckout',
    'VERSION' => '72.0',
    'USER' => '****',
    'PWD' => '****',
    'SIGNATURE' => '****',
    'BUTTONSOURCE' => 'Magento_2_Community',
  ),
  'response' => 
  array (
    'TOKEN' => 'EC-8C350299VB980150S',
    'TIMESTAMP' => '2023-05-19T01:40:05Z',
    'CORRELATIONID' => '87ec1c0f4925',
    'ACK' => 'Success',
    'VERSION' => '72.0',
    'BUILD' => '58068808',
  ),
) [] []
[2023-05-19 01:40:32] main.DEBUG: array (
  'url' => 'https://api-3t.sandbox.paypal.com/nvp',
  'GetExpressCheckoutDetails' => 
  array (
    'TOKEN' => 'EC-8C350299VB980150S',
    'METHOD' => 'GetExpressCheckoutDetails',
    'VERSION' => '72.0',
    'USER' => '****',
    'PWD' => '****',
    'SIGNATURE' => '****',
    'BUTTONSOURCE' => 'Magento_2_Community',
  ),
  'response' => 
  array (
    'TOKEN' => 'EC-8C350299VB980150S',
    'BILLINGAGREEMENTACCEPTEDSTATUS' => '0',
    'CHECKOUTSTATUS' => 'PaymentActionNotInitiated',
    'TIMESTAMP' => '2023-05-19T01:40:32Z',
    'CORRELATIONID' => 'c6f0d2cdf16a3',
    'ACK' => 'Success',
    'VERSION' => '72.0',
    'BUILD' => '58068808',
    'EMAIL' => 'sb-h93ia25610226@personal.example.com',
    'PAYERID' => '5DDMVFA5L8CGS',
    'PAYERSTATUS' => 'verified',
    'FIRSTNAME' => 'John',
    'LASTNAME' => 'Doe',
    'COUNTRYCODE' => 'US',
    'SHIPTONAME' => 'kathy cheung',
    'SHIPTOSTREET' => '8614 Valley Blvd, Rosemead, CA 91770',
    'SHIPTOCITY' => 'Male',
    'SHIPTOZIP' => '20026',
    'SHIPTOCOUNTRYCODE' => 'MV',
    'SHIPTOPHONENUM' => '1626223503',
    'SHIPTOCOUNTRYNAME' => 'Maldives',
    'ADDRESSSTATUS' => 'Confirmed',
    'CURRENCYCODE' => 'EUR',
    'AMT' => '14.15',
    'ITEMAMT' => '9.99',
    'SHIPPINGAMT' => '4.16',
    'HANDLINGAMT' => '0.00',
    'TAXAMT' => '0.00',
    'INVNUM' => '000000027',
    'INSURANCEAMT' => '0.00',
    'SHIPDISCAMT' => '0.00',
    'INSURANCEOPTIONOFFERED' => 'false',
    'L_NAME0' => 'ELFBAR 600 Disposable - Mango Milk Ice',
    'L_QTY0' => '1',
    'L_TAXAMT0' => '0.00',
    'L_AMT0' => '9.99',
    'PAYMENTREQUEST_0_CURRENCYCODE' => 'EUR',
    'PAYMENTREQUEST_0_AMT' => '14.15',
    'PAYMENTREQUEST_0_ITEMAMT' => '9.99',
    'PAYMENTREQUEST_0_SHIPPINGAMT' => '4.16',
    'PAYMENTREQUEST_0_HANDLINGAMT' => '0.00',
    'PAYMENTREQUEST_0_TAXAMT' => '0.00',
    'PAYMENTREQUEST_0_INVNUM' => '000000027',
    'PAYMENTREQUEST_0_INSURANCEAMT' => '0.00',
    'PAYMENTREQUEST_0_SHIPDISCAMT' => '0.00',
    'PAYMENTREQUEST_0_SELLERPAYPALACCOUNTID' => 'sb-epq7f25579194@business.example.com',
    'PAYMENTREQUEST_0_INSURANCEOPTIONOFFERED' => 'false',
    'PAYMENTREQUEST_0_SHIPTONAME' => 'kathy cheung',
    'PAYMENTREQUEST_0_SHIPTOSTREET' => '8614 Valley Blvd, Rosemead, CA 91770',
    'PAYMENTREQUEST_0_SHIPTOCITY' => 'Male',
    'PAYMENTREQUEST_0_SHIPTOZIP' => '20026',
    'PAYMENTREQUEST_0_SHIPTOCOUNTRYCODE' => 'MV',
    'PAYMENTREQUEST_0_SHIPTOPHONENUM' => '1626223503',
    'PAYMENTREQUEST_0_SHIPTOCOUNTRYNAME' => 'Maldives',
    'PAYMENTREQUEST_0_ADDRESSSTATUS' => 'Confirmed',
    'L_PAYMENTREQUEST_0_NAME0' => 'ELFBAR 600 Disposable - Mango Milk Ice',
    'L_PAYMENTREQUEST_0_QTY0' => '1',
    'L_PAYMENTREQUEST_0_TAXAMT0' => '0.00',
    'L_PAYMENTREQUEST_0_AMT0' => '9.99',
    'PAYMENTREQUESTINFO_0_ERRORCODE' => '0',
  ),
) [] []
[2023-05-19 01:40:34] main.DEBUG: array (
  'url' => 'https://api-3t.sandbox.paypal.com/nvp',
  'DoExpressCheckoutPayment' => 
  array (
    'TOKEN' => 'EC-8C350299VB980150S',
    'PAYERID' => '5DDMVFA5L8CGS',
    'PAYMENTACTION' => 'Sale',
    'AMT' => '14.15',
    'CURRENCYCODE' => 'EUR',
    'BUTTONSOURCE' => 'Magento_2_Community',
    'NOTIFYURL' => 'http://www.elfbar.com.de/paypal/ipn/',
    'RETURNFMFDETAILS' => 1,
    'SHIPPINGAMT' => '4.16',
    'ITEMAMT' => '9.99',
    'TAXAMT' => '0.00',
    'L_NUMBER0' => NULL,
    'L_NAME0' => 'ELFBAR 600 Disposable - Mango Milk Ice',
    'L_QTY0' => 1,
    'L_AMT0' => '9.99',
    'BUSINESS' => ' Imiracle (HK) Limited',
    'EMAIL' => 'kathy.zhang@elfbar.com',
    'FIRSTNAME' => 'kathy',
    'LASTNAME' => 'cheung',
    'MIDDLENAME' => NULL,
    'SALUTATION' => NULL,
    'SUFFIX' => NULL,
    'COUNTRYCODE' => 'MV',
    'STATE' => NULL,
    'CITY' => 'Male',
    'STREET' => '8614 Valley Blvd, Rosemead, CA 91770',
    'ZIP' => '20026',
    'PHONENUM' => '1626223503',
    'SHIPTOCOUNTRYCODE' => 'MV',
    'SHIPTOSTATE' => NULL,
    'SHIPTOCITY' => 'Male',
    'SHIPTOSTREET' => '8614 Valley Blvd, Rosemead, CA 91770',
    'SHIPTOZIP' => '20026',
    'SHIPTOPHONENUM' => '1626223503',
    'SHIPTOSTREET2' => '',
    'STREET2' => '',
    'SHIPTONAME' => 'kathy cheung',
    'ADDROVERRIDE' => 1,
    'METHOD' => 'DoExpressCheckoutPayment',
    'VERSION' => '72.0',
    'USER' => '****',
    'PWD' => '****',
    'SIGNATURE' => '****',
  ),
  'response' => 
  array (
    'TOKEN' => 'EC-8C350299VB980150S',
    'SUCCESSPAGEREDIRECTREQUESTED' => 'false',
    'TIMESTAMP' => '2023-05-19T01:40:34Z',
    'CORRELATIONID' => 'eaf34a36b4eb7',
    'ACK' => 'Success',
    'VERSION' => '72.0',
    'BUILD' => '58068808',
    'TRANSACTIONID' => '0G292823H7174484G',
    'TRANSACTIONTYPE' => 'cart',
    'PAYMENTTYPE' => 'instant',
    'ORDERTIME' => '2023-05-19T01:40:34Z',
    'AMT' => '14.15',
    'FEEAMT' => '0.88',
    'TAXAMT' => '0.00',
    'CURRENCYCODE' => 'EUR',
    'PAYMENTSTATUS' => 'Completed',
    'PENDINGREASON' => 'None',
    'REASONCODE' => 'None',
    'PROTECTIONELIGIBILITY' => 'Eligible',
    'INSURANCEOPTIONSELECTED' => 'false',
    'SHIPPINGOPTIONISDEFAULT' => 'false',
    'PAYMENTINFO_0_TRANSACTIONID' => '0G292823H7174484G',
    'PAYMENTINFO_0_TRANSACTIONTYPE' => 'cart',
    'PAYMENTINFO_0_PAYMENTTYPE' => 'instant',
    'PAYMENTINFO_0_ORDERTIME' => '2023-05-19T01:40:34Z',
    'PAYMENTINFO_0_AMT' => '14.15',
    'PAYMENTINFO_0_FEEAMT' => '0.88',
    'PAYMENTINFO_0_TAXAMT' => '0.00',
    'PAYMENTINFO_0_CURRENCYCODE' => 'EUR',
    'PAYMENTINFO_0_EXCHANGERATE' => '0.8627555079',
    'PAYMENTINFO_0_PAYMENTSTATUS' => 'Completed',
    'PAYMENTINFO_0_PENDINGREASON' => 'None',
    'PAYMENTINFO_0_REASONCODE' => 'None',
    'PAYMENTINFO_0_PROTECTIONELIGIBILITY' => 'Eligible',
    'PAYMENTINFO_0_PROTECTIONELIGIBILITYTYPE' => 'ItemNotReceivedEligible,UnauthorizedPaymentEligible',
    'PAYMENTINFO_0_SELLERPAYPALACCOUNTID' => 'sb-epq7f25579194@business.example.com',
    'PAYMENTINFO_0_SECUREMERCHANTACCOUNTID' => '4C678BEMN4YTS',
    'PAYMENTINFO_0_ERRORCODE' => '0',
    'PAYMENTINFO_0_ACK' => 'Success',
  ),
) [] []
